Log file open, 12/08/20 14:10:29
LogInit: Display: Running engine for game: GameToolsProject
LogPlatformFile: Not using cached read wrapper
LogTaskGraph: Started task graph with 5 named threads and 23 total threads with 3 sets of task threads.
LogStats: Stats thread started at 1.491459
LogD3D11RHI: Loaded GFSDK_Aftermath_Lib.x64.dll
LogICUInternationalization: ICU TimeZone Detection - Raw Offset: +0:00, Platform Override: ''
LogPluginManager: Mounting plugin Paper2D
LogPluginManager: Mounting plugin AISupport
LogPluginManager: Mounting plugin LightPropagationVolume
LogPluginManager: Mounting plugin CameraShakePreviewer
LogPluginManager: Mounting plugin ActorLayerUtilities
LogPluginManager: Mounting plugin AnimationSharing
LogPluginManager: Mounting plugin CLionSourceCodeAccess
LogPluginManager: Mounting plugin CodeLiteSourceCodeAccess
LogPluginManager: Mounting plugin GitSourceControl
LogPluginManager: Mounting plugin KDevelopSourceCodeAccess
LogPluginManager: Mounting plugin NullSourceCodeAccess
LogPluginManager: Mounting plugin PerforceSourceControl
LogPluginManager: Mounting plugin PlasticSourceControl
LogPluginManager: Mounting plugin RiderSourceCodeAccess
LogPluginManager: Mounting plugin SubversionSourceControl
LogPluginManager: Mounting plugin UObjectPlugin
LogPluginManager: Mounting plugin VisualStudioCodeSourceCodeAccess
LogPluginManager: Mounting plugin VisualStudioSourceCodeAccess
LogPluginManager: Mounting plugin XCodeSourceCodeAccess
LogPluginManager: Mounting plugin AssetManagerEditor
LogPluginManager: Mounting plugin CryptoKeys
LogPluginManager: Mounting plugin CurveEditorTools
LogPluginManager: Mounting plugin DataValidation
LogPluginManager: Mounting plugin EditorScriptingUtilities
LogPluginManager: Mounting plugin FacialAnimation
LogPluginManager: Mounting plugin GameplayTagsEditor
LogPluginManager: Mounting plugin GeometryMode
LogPluginManager: Mounting plugin MacGraphicsSwitching
LogPluginManager: Mounting plugin MaterialAnalyzer
LogPluginManager: Mounting plugin MobileLauncherProfileWizard
LogPluginManager: Mounting plugin PluginBrowser
LogPluginManager: Mounting plugin SpeedTreeImporter
LogPluginManager: Mounting plugin DatasmithContent
LogPluginManager: Mounting plugin VariantManagerContent
LogPluginManager: Mounting plugin AlembicImporter
LogPluginManager: Mounting plugin AutomationUtils
LogPluginManager: Mounting plugin BackChannel
LogPluginManager: Mounting plugin ChaosCloth
LogPluginManager: Mounting plugin ChaosClothEditor
LogPluginManager: Mounting plugin ChaosEditor
LogPluginManager: Mounting plugin ChaosNiagara
LogPluginManager: Mounting plugin ChaosSolverPlugin
LogPluginManager: Mounting plugin CharacterAI
LogPluginManager: Mounting plugin GeometryCache
LogPluginManager: Mounting plugin GeometryCollectionPlugin
LogPluginManager: Mounting plugin GeometryProcessing
LogPluginManager: Mounting plugin PlanarCut
LogPluginManager: Mounting plugin PlatformCrypto
LogPluginManager: Mounting plugin ProxyLODPlugin
LogPluginManager: Mounting plugin SkeletalReduction
LogPluginManager: Mounting plugin Niagara
LogPluginManager: Mounting plugin MagicLeap
LogPluginManager: Mounting plugin MagicLeapLightEstimation
LogPluginManager: Mounting plugin MagicLeapMedia
LogPluginManager: Mounting plugin MagicLeapPassableWorld
LogPluginManager: Mounting plugin MLSDK
LogPluginManager: Mounting plugin AndroidMedia
LogPluginManager: Mounting plugin AvfMedia
LogPluginManager: Mounting plugin ImgMedia
LogPluginManager: Mounting plugin MediaCompositing
LogPluginManager: Mounting plugin MediaPlayerEditor
LogPluginManager: Mounting plugin WebMMedia
LogPluginManager: Mounting plugin WmfMedia
LogPluginManager: Mounting plugin MeshPainting
LogPluginManager: Mounting plugin TcpMessaging
LogPluginManager: Mounting plugin UdpMessaging
LogPluginManager: Mounting plugin ActorSequence
LogPluginManager: Mounting plugin LevelSequenceEditor
LogPluginManager: Mounting plugin MatineeToLevelSequence
LogPluginManager: Mounting plugin MovieRenderPipeline
LogPluginManager: Mounting plugin TemplateSequence
LogPluginManager: Mounting plugin NetcodeUnitTest
LogPluginManager: Mounting plugin NUTUnrealEngine4
LogPluginManager: Mounting plugin OnlineSubsystemGooglePlay
LogPluginManager: Mounting plugin OnlineSubsystemIOS
LogPluginManager: Mounting plugin OnlineSubsystem
LogPluginManager: Mounting plugin OnlineSubsystemNull
LogPluginManager: Mounting plugin OnlineSubsystemUtils
LogPluginManager: Mounting plugin LauncherChunkInstaller
LogPluginManager: Mounting plugin AndroidDeviceProfileSelector
LogPluginManager: Mounting plugin AndroidMoviePlayer
LogPluginManager: Mounting plugin AndroidPermission
LogPluginManager: Mounting plugin AppleImageUtils
LogPluginManager: Mounting plugin AppleMoviePlayer
LogPluginManager: Mounting plugin ArchVisCharacter
LogPluginManager: Mounting plugin AssetTags
LogPluginManager: Mounting plugin AudioCapture
LogPluginManager: Mounting plugin CableComponent
LogPluginManager: Mounting plugin CustomMeshComponent
LogPluginManager: Mounting plugin EditableMesh
LogPluginManager: Mounting plugin ExampleDeviceProfileSelector
LogPluginManager: Mounting plugin GoogleCloudMessaging
LogPluginManager: Mounting plugin GooglePAD
LogPluginManager: Mounting plugin IOSDeviceProfileSelector
LogPluginManager: Mounting plugin LinuxDeviceProfileSelector
LogPluginManager: Mounting plugin LocationServicesBPLibrary
LogPluginManager: Mounting plugin MobilePatchingUtils
LogPluginManager: Mounting plugin OculusVR
LogPluginManager: Mounting plugin PhysXVehicles
LogPluginManager: Mounting plugin PostSplashScreen
LogPluginManager: Mounting plugin ProceduralMeshComponent
LogPluginManager: Mounting plugin RuntimePhysXCooking
LogPluginManager: Mounting plugin SignificanceManager
LogPluginManager: Mounting plugin SoundFields
LogPluginManager: Mounting plugin SteamVR
LogPluginManager: Mounting plugin Synthesis
LogPluginManager: Mounting plugin WebMMoviePlayer
LogPluginManager: Mounting plugin WindowsMoviePlayer
LogPluginManager: Mounting plugin ScreenshotTools
LogInit: Using libcurl 7.55.1-DEV
LogInit:  - built for x86_64-pc-win32
LogInit:  - supports SSL with OpenSSL/1.1.1
LogInit:  - supports HTTP deflate (compression) using libz 1.2.8
LogInit:  - other features:
LogInit:      CURL_VERSION_SSL
LogInit:      CURL_VERSION_LIBZ
LogInit:      CURL_VERSION_IPV6
LogInit:      CURL_VERSION_ASYNCHDNS
LogInit:      CURL_VERSION_LARGEFILE
LogInit:      CURL_VERSION_IDN
LogInit:  CurlRequestOptions (configurable via config and command line):
LogInit:  - bVerifyPeer = true  - Libcurl will verify peer certificate
LogInit:  - bUseHttpProxy = false  - Libcurl will NOT use HTTP proxy
LogInit:  - bDontReuseConnections = false  - Libcurl will reuse connections
LogInit:  - MaxHostConnections = 16  - Libcurl will limit the number of connections to a host
LogInit:  - LocalHostAddr = Default
LogInit:  - BufferSize = 65536
LogOnline: OSS: Creating online subsystem instance for: NULL
LogInit: WinSock: version 1.1 (2.2), MaxSocks=32767, MaxUdp=65467
LogOnline: OSS: TryLoadSubsystemAndSetDefault: Loaded subsystem for module [NULL]
LogInit: Build: ++UE4+Release-4.25-CL-13942748
LogInit: Engine Version: 4.25.3-13942748+++UE4+Release-4.25
LogInit: Compatible Engine Version: 4.25.0-13144385+++UE4+Release-4.25
LogInit: Net CL: 13144385
LogInit: OS: Windows 10 (Release 1909) (), CPU: Intel(R) Core(TM) i7-7700HQ CPU @ 2.80GHz, GPU: Intel(R) HD Graphics 630
LogInit: Compiled (64-bit): Jul 25 2020 02:07:48
LogInit: Compiled with Visual C++: 19.24.28315.00
LogInit: Build Configuration: Development
LogInit: Branch Name: ++UE4+Release-4.25
LogInit: Command Line: 
LogInit: Base Directory: D:/EpicLibrary/UE_4.25/Engine/Binaries/Win64/
LogInit: Allocator: TBB
LogInit: Installed Engine Build: 1
LogDevObjectVersion: Number of dev versions registered: 26
LogDevObjectVersion:   Dev-Blueprints (B0D832E4-1F89-4F0D-ACCF-7EB736FD4AA2): 10
LogDevObjectVersion:   Dev-Build (E1C64328-A22C-4D53-A36C-8E866417BD8C): 0
LogDevObjectVersion:   Dev-Core (375EC13C-06E4-48FB-B500-84F0262A717E): 4
LogDevObjectVersion:   Dev-Editor (E4B068ED-F494-42E9-A231-DA0B2E46BB41): 38
LogDevObjectVersion:   Dev-Framework (CFFC743F-43B0-4480-9391-14DF171D2073): 37
LogDevObjectVersion:   Dev-Mobile (B02B49B5-BB20-44E9-A304-32B752E40360): 2
LogDevObjectVersion:   Dev-Networking (A4E4105C-59A1-49B5-A7C5-40C4547EDFEE): 0
LogDevObjectVersion:   Dev-Online (39C831C9-5AE6-47DC-9A44-9C173E1C8E7C): 0
LogDevObjectVersion:   Dev-Physics (78F01B33-EBEA-4F98-B9B4-84EACCB95AA2): 4
LogDevObjectVersion:   Dev-Platform (6631380F-2D4D-43E0-8009-CF276956A95A): 0
LogDevObjectVersion:   Dev-Rendering (12F88B9F-8875-4AFC-A67C-D90C383ABD29): 43
LogDevObjectVersion:   Dev-Sequencer (7B5AE74C-D270-4C10-A958-57980B212A5A): 12
LogDevObjectVersion:   Dev-VR (D7296918-1DD6-4BDD-9DE2-64A83CC13884): 3
LogDevObjectVersion:   Dev-LoadTimes (C2A15278-BFE7-4AFE-6C17-90FF531DF755): 1
LogDevObjectVersion:   Private-Geometry (6EACA3D4-40EC-4CC1-B786-8BED09428FC5): 3
LogDevObjectVersion:   Dev-AnimPhys (29E575DD-E0A3-4627-9D10-D276232CDCEA): 17
LogDevObjectVersion:   Dev-Anim (AF43A65D-7FD3-4947-9873-3E8ED9C1BB05): 7
LogDevObjectVersion:   Dev-ReflectionCapture (6B266CEC-1EC7-4B8F-A30B-E4D90942FC07): 1
LogDevObjectVersion:   Dev-Automation (0DF73D61-A23F-47EA-B727-89E90C41499A): 1
LogDevObjectVersion:   FortniteMain (601D1886-AC64-4F84-AA16-D3DE0DEAC7D6): 31
LogDevObjectVersion:   Dev-Enterprise (9DFFBCD6-494F-0158-E221-12823C92A888): 10
LogDevObjectVersion:   Dev-Niagara (F2AED0AC-9AFE-416F-8664-AA7FFA26D6FC): 1
LogDevObjectVersion:   Dev-Destruction (174F1F0B-B4C6-45A5-B13F-2EE8D0FB917D): 10
LogDevObjectVersion:   Dev-Physics-Ext (35F94A83-E258-406C-A318-09F59610247C): 37
LogDevObjectVersion:   Dev-PhysicsMaterial-Chaos (B68FC16E-8B1B-42E2-B453-215C058844FE): 1
LogDevObjectVersion:   Dev-CineCamera (B2E18506-4273-CFC2-A54E-F4BB758BBA07): 1
LogInit: Presizing for max 25165824 objects, including 0 objects not considered by GC, pre-allocating 0 bytes for permanent pool.
LogConfig: Applying CVar settings from Section [/Script/Engine.StreamingSettings] File [D:/Unreal Projects/GameToolsProject/Saved/Config/Windows/Engine.ini]
LogConfig: Setting CVar [[s.MinBulkDataSizeForAsyncLoading:131072]]
LogConfig: Setting CVar [[s.AsyncLoadingThreadEnabled:0]]
LogConfig: Setting CVar [[s.EventDrivenLoaderEnabled:1]]
LogConfig: Setting CVar [[s.WarnIfTimeLimitExceeded:0]]
LogConfig: Setting CVar [[s.TimeLimitExceededMultiplier:1.5]]
LogConfig: Setting CVar [[s.TimeLimitExceededMinTime:0.005]]
LogConfig: Setting CVar [[s.UseBackgroundLevelStreaming:1]]
LogConfig: Setting CVar [[s.PriorityAsyncLoadingExtraTime:15.0]]
LogConfig: Setting CVar [[s.LevelStreamingActorsUpdateTimeLimit:5.0]]
LogConfig: Setting CVar [[s.PriorityLevelStreamingActorsUpdateExtraTime:5.0]]
LogConfig: Setting CVar [[s.LevelStreamingComponentsRegistrationGranularity:10]]
LogConfig: Setting CVar [[s.UnregisterComponentsTimeLimit:1.0]]
LogConfig: Setting CVar [[s.LevelStreamingComponentsUnregistrationGranularity:5]]
LogConfig: Setting CVar [[s.FlushStreamingOnExit:1]]
LogInit: Object subsystem initialized
LogConfig: Setting CVar [[con.DebugEarlyDefault:1]]
LogConfig: Setting CVar [[r.setres:1280x720]]
[2020.12.08-14.10.31:318][  0]LogConfig: Setting CVar [[r.VSync:0]]
[2020.12.08-14.10.31:318][  0]LogConfig: Setting CVar [[r.RHICmdBypass:0]]
[2020.12.08-14.10.31:318][  0]LogConfig: Applying CVar settings from Section [/Script/Engine.RendererSettings] File [D:/Unreal Projects/GameToolsProject/Saved/Config/Windows/Engine.ini]
[2020.12.08-14.10.31:318][  0]LogConfig: Setting CVar [[r.GPUCrashDebugging:0]]
[2020.12.08-14.10.31:318][  0]LogConfig: Applying CVar settings from Section [/Script/Engine.RendererOverrideSettings] File [D:/Unreal Projects/GameToolsProject/Saved/Config/Windows/Engine.ini]
[2020.12.08-14.10.31:318][  0]LogConfig: Applying CVar settings from Section [/Script/Engine.StreamingSettings] File [D:/Unreal Projects/GameToolsProject/Saved/Config/Windows/Engine.ini]
[2020.12.08-14.10.31:318][  0]LogConfig: Setting CVar [[s.MinBulkDataSizeForAsyncLoading:131072]]
[2020.12.08-14.10.31:318][  0]LogConfig: Setting CVar [[s.AsyncLoadingThreadEnabled:0]]
[2020.12.08-14.10.31:318][  0]LogConfig: Setting CVar [[s.EventDrivenLoaderEnabled:1]]
[2020.12.08-14.10.31:318][  0]LogConfig: Setting CVar [[s.WarnIfTimeLimitExceeded:0]]
[2020.12.08-14.10.31:318][  0]LogConfig: Setting CVar [[s.TimeLimitExceededMultiplier:1.5]]
[2020.12.08-14.10.31:318][  0]LogConfig: Setting CVar [[s.TimeLimitExceededMinTime:0.005]]
[2020.12.08-14.10.31:318][  0]LogConfig: Setting CVar [[s.UseBackgroundLevelStreaming:1]]
[2020.12.08-14.10.31:318][  0]LogConfig: Setting CVar [[s.PriorityAsyncLoadingExtraTime:15.0]]
[2020.12.08-14.10.31:318][  0]LogConfig: Setting CVar [[s.LevelStreamingActorsUpdateTimeLimit:5.0]]
[2020.12.08-14.10.31:318][  0]LogConfig: Setting CVar [[s.PriorityLevelStreamingActorsUpdateExtraTime:5.0]]
[2020.12.08-14.10.31:318][  0]LogConfig: Setting CVar [[s.LevelStreamingComponentsRegistrationGranularity:10]]
[2020.12.08-14.10.31:318][  0]LogConfig: Setting CVar [[s.UnregisterComponentsTimeLimit:1.0]]
[2020.12.08-14.10.31:318][  0]LogConfig: Setting CVar [[s.LevelStreamingComponentsUnregistrationGranularity:5]]
[2020.12.08-14.10.31:318][  0]LogConfig: Setting CVar [[s.FlushStreamingOnExit:1]]
[2020.12.08-14.10.31:318][  0]LogConfig: Applying CVar settings from Section [/Script/Engine.GarbageCollectionSettings] File [D:/Unreal Projects/GameToolsProject/Saved/Config/Windows/Engine.ini]
[2020.12.08-14.10.31:318][  0]LogConfig: Setting CVar [[gc.MaxObjectsNotConsideredByGC:1]]
[2020.12.08-14.10.31:318][  0]LogConfig: Setting CVar [[gc.SizeOfPermanentObjectPool:0]]
[2020.12.08-14.10.31:318][  0]LogConfig: Setting CVar [[gc.FlushStreamingOnGC:0]]
[2020.12.08-14.10.31:318][  0]LogConfig: Setting CVar [[gc.NumRetriesBeforeForcingGC:10]]
[2020.12.08-14.10.31:318][  0]LogConfig: Setting CVar [[gc.AllowParallelGC:1]]
[2020.12.08-14.10.31:318][  0]LogConfig: Setting CVar [[gc.TimeBetweenPurgingPendingKillObjects:61.1]]
[2020.12.08-14.10.31:318][  0]LogConfig: Setting CVar [[gc.MaxObjectsInEditor:25165824]]
[2020.12.08-14.10.31:318][  0]LogConfig: Setting CVar [[gc.IncrementalBeginDestroyEnabled:1]]
[2020.12.08-14.10.31:318][  0]LogConfig: Setting CVar [[gc.CreateGCClusters:1]]
[2020.12.08-14.10.31:318][  0]LogConfig: Setting CVar [[gc.MinGCClusterSize:5]]
[2020.12.08-14.10.31:318][  0]LogConfig: Setting CVar [[gc.ActorClusteringEnabled:0]]
[2020.12.08-14.10.31:318][  0]LogConfig: Setting CVar [[gc.BlueprintClusteringEnabled:0]]
[2020.12.08-14.10.31:318][  0]LogConfig: Setting CVar [[gc.UseDisregardForGCOnDedicatedServers:0]]
[2020.12.08-14.10.31:318][  0]LogConfig: Applying CVar settings from Section [/Script/Engine.NetworkSettings] File [D:/Unreal Projects/GameToolsProject/Saved/Config/Windows/Engine.ini]
[2020.12.08-14.10.31:318][  0]LogConfig: Applying CVar settings from Section [/Script/UnrealEd.CookerSettings] File [D:/Unreal Projects/GameToolsProject/Saved/Config/Windows/Engine.ini]
[2020.12.08-14.10.31:325][  0]LogConfig: Applying CVar settings from Section [ViewDistanceQuality@3] File [D:/Unreal Projects/GameToolsProject/Saved/Config/Windows/Scalability.ini]
[2020.12.08-14.10.31:326][  0]LogConfig: Setting CVar [[r.SkeletalMeshLODBias:0]]
[2020.12.08-14.10.31:326][  0]LogConfig: Setting CVar [[r.ViewDistanceScale:1.0]]
[2020.12.08-14.10.31:326][  0]LogConfig: Applying CVar settings from Section [AntiAliasingQuality@3] File [D:/Unreal Projects/GameToolsProject/Saved/Config/Windows/Scalability.ini]
[2020.12.08-14.10.31:326][  0]LogConfig: Setting CVar [[r.PostProcessAAQuality:4]]
[2020.12.08-14.10.31:326][  0]LogConfig: Applying CVar settings from Section [ShadowQuality@3] File [D:/Unreal Projects/GameToolsProject/Saved/Config/Windows/Scalability.ini]
[2020.12.08-14.10.31:326][  0]LogConfig: Setting CVar [[r.LightFunctionQuality:1]]
[2020.12.08-14.10.31:326][  0]LogConfig: Setting CVar [[r.ShadowQuality:5]]
[2020.12.08-14.10.31:326][  0]LogConfig: Setting CVar [[r.Shadow.CSM.MaxCascades:10]]
[2020.12.08-14.10.31:326][  0]LogConfig: Setting CVar [[r.Shadow.MaxResolution:2048]]
[2020.12.08-14.10.31:326][  0]LogConfig: Setting CVar [[r.Shadow.MaxCSMResolution:2048]]
[2020.12.08-14.10.31:326][  0]LogConfig: Setting CVar [[r.Shadow.RadiusThreshold:0.01]]
[2020.12.08-14.10.31:326][  0]LogConfig: Setting CVar [[r.Shadow.DistanceScale:1.0]]
[2020.12.08-14.10.31:326][  0]LogConfig: Setting CVar [[r.Shadow.CSM.TransitionScale:1.0]]
[2020.12.08-14.10.31:326][  0]LogConfig: Setting CVar [[r.Shadow.PreShadowResolutionFactor:1.0]]
[2020.12.08-14.10.31:326][  0]LogConfig: Setting CVar [[r.DistanceFieldShadowing:1]]
[2020.12.08-14.10.31:326][  0]LogConfig: Setting CVar [[r.DistanceFieldAO:1]]
[2020.12.08-14.10.31:326][  0]LogConfig: Setting CVar [[r.AOQuality:2]]
[2020.12.08-14.10.31:326][  0]LogConfig: Setting CVar [[r.VolumetricFog:1]]
[2020.12.08-14.10.31:326][  0]LogConfig: Setting CVar [[r.VolumetricFog.GridPixelSize:8]]
[2020.12.08-14.10.31:326][  0]LogConfig: Setting CVar [[r.VolumetricFog.GridSizeZ:128]]
[2020.12.08-14.10.31:326][  0]LogConfig: Setting CVar [[r.VolumetricFog.HistoryMissSupersampleCount:4]]
[2020.12.08-14.10.31:326][  0]LogConfig: Setting CVar [[r.LightMaxDrawDistanceScale:1]]
[2020.12.08-14.10.31:326][  0]LogConfig: Setting CVar [[r.CapsuleShadows:1]]
[2020.12.08-14.10.31:326][  0]LogConfig: Applying CVar settings from Section [PostProcessQuality@3] File [D:/Unreal Projects/GameToolsProject/Saved/Config/Windows/Scalability.ini]
[2020.12.08-14.10.31:326][  0]LogConfig: Setting CVar [[r.MotionBlurQuality:4]]
[2020.12.08-14.10.31:326][  0]LogConfig: Setting CVar [[r.AmbientOcclusionMipLevelFactor:0.4]]
[2020.12.08-14.10.31:326][  0]LogConfig: Setting CVar [[r.AmbientOcclusionMaxQuality:100]]
[2020.12.08-14.10.31:326][  0]LogConfig: Setting CVar [[r.AmbientOcclusionLevels:-1]]
[2020.12.08-14.10.31:326][  0]LogConfig: Setting CVar [[r.AmbientOcclusionRadiusScale:1.0]]
[2020.12.08-14.10.31:326][  0]LogConfig: Setting CVar [[r.DepthOfFieldQuality:2]]
[2020.12.08-14.10.31:326][  0]LogConfig: Setting CVar [[r.RenderTargetPoolMin:400]]
[2020.12.08-14.10.31:326][  0]LogConfig: Setting CVar [[r.LensFlareQuality:2]]
[2020.12.08-14.10.31:326][  0]LogConfig: Setting CVar [[r.SceneColorFringeQuality:1]]
[2020.12.08-14.10.31:326][  0]LogConfig: Setting CVar [[r.EyeAdaptationQuality:2]]
[2020.12.08-14.10.31:326][  0]LogConfig: Setting CVar [[r.BloomQuality:5]]
[2020.12.08-14.10.31:326][  0]LogConfig: Setting CVar [[r.FastBlurThreshold:100]]
[2020.12.08-14.10.31:326][  0]LogConfig: Setting CVar [[r.Upscale.Quality:3]]
[2020.12.08-14.10.31:326][  0]LogConfig: Setting CVar [[r.Tonemapper.GrainQuantization:1]]
[2020.12.08-14.10.31:326][  0]LogConfig: Setting CVar [[r.LightShaftQuality:1]]
[2020.12.08-14.10.31:326][  0]LogConfig: Setting CVar [[r.Filter.SizeScale:1]]
[2020.12.08-14.10.31:326][  0]LogConfig: Setting CVar [[r.Tonemapper.Quality:5]]
[2020.12.08-14.10.31:326][  0]LogConfig: Setting CVar [[r.DOF.Gather.AccumulatorQuality:1        ; higher gathering accumulator quality]]
[2020.12.08-14.10.31:326][  0]LogConfig: Setting CVar [[r.DOF.Gather.PostfilterMethod:1          ; Median3x3 postfilering method]]
[2020.12.08-14.10.31:326][  0]LogConfig: Setting CVar [[r.DOF.Gather.EnableBokehSettings:0       ; no bokeh simulation when gathering]]
[2020.12.08-14.10.31:326][  0]LogConfig: Setting CVar [[r.DOF.Gather.RingCount:4                 ; medium number of samples when gathering]]
[2020.12.08-14.10.31:326][  0]LogConfig: Setting CVar [[r.DOF.Scatter.ForegroundCompositing:1    ; additive foreground scattering]]
[2020.12.08-14.10.31:326][  0]LogConfig: Setting CVar [[r.DOF.Scatter.BackgroundCompositing:2    ; additive background scattering]]
[2020.12.08-14.10.31:326][  0]LogConfig: Setting CVar [[r.DOF.Scatter.EnableBokehSettings:1      ; bokeh simulation when scattering]]
[2020.12.08-14.10.31:326][  0]LogConfig: Setting CVar [[r.DOF.Scatter.MaxSpriteRatio:0.1         ; only a maximum of 10% of scattered bokeh]]
[2020.12.08-14.10.31:326][  0]LogConfig: Setting CVar [[r.DOF.Recombine.Quality:1                ; cheap slight out of focus]]
[2020.12.08-14.10.31:326][  0]LogConfig: Setting CVar [[r.DOF.Recombine.EnableBokehSettings:0    ; no bokeh simulation on slight out of focus]]
[2020.12.08-14.10.31:326][  0]LogConfig: Setting CVar [[r.DOF.TemporalAAQuality:1                ; more stable temporal accumulation]]
[2020.12.08-14.10.31:327][  0]LogConfig: Setting CVar [[r.DOF.Kernel.MaxForegroundRadius:0.025]]
[2020.12.08-14.10.31:327][  0]LogConfig: Setting CVar [[r.DOF.Kernel.MaxBackgroundRadius:0.025]]
[2020.12.08-14.10.31:327][  0]LogConfig: Applying CVar settings from Section [TextureQuality@3] File [D:/Unreal Projects/GameToolsProject/Saved/Config/Windows/Scalability.ini]
[2020.12.08-14.10.31:327][  0]LogConfig: Setting CVar [[r.Streaming.MipBias:0]]
[2020.12.08-14.10.31:327][  0]LogConfig: Setting CVar [[r.Streaming.AmortizeCPUToGPUCopy:0]]
[2020.12.08-14.10.31:327][  0]LogConfig: Setting CVar [[r.Streaming.MaxNumTexturesToStreamPerFrame:0]]
[2020.12.08-14.10.31:327][  0]LogConfig: Setting CVar [[r.Streaming.Boost:1]]
[2020.12.08-14.10.31:327][  0]LogConfig: Setting CVar [[r.MaxAnisotropy:8]]
[2020.12.08-14.10.31:327][  0]LogConfig: Setting CVar [[r.VT.MaxAnisotropy:8]]
[2020.12.08-14.10.31:327][  0]LogConfig: Setting CVar [[r.Streaming.LimitPoolSizeToVRAM:0]]
[2020.12.08-14.10.31:327][  0]LogConfig: Setting CVar [[r.Streaming.PoolSize:1000]]
[2020.12.08-14.10.31:327][  0]LogConfig: Setting CVar [[r.Streaming.MaxEffectiveScreenSize:0]]
[2020.12.08-14.10.31:327][  0]LogConfig: Applying CVar settings from Section [EffectsQuality@3] File [D:/Unreal Projects/GameToolsProject/Saved/Config/Windows/Scalability.ini]
[2020.12.08-14.10.31:327][  0]LogConfig: Setting CVar [[r.TranslucencyLightingVolumeDim:64]]
[2020.12.08-14.10.31:327][  0]LogConfig: Setting CVar [[r.RefractionQuality:2]]
[2020.12.08-14.10.31:327][  0]LogConfig: Setting CVar [[r.SSR.Quality:3]]
[2020.12.08-14.10.31:327][  0]LogConfig: Setting CVar [[r.SSR.HalfResSceneColor:0]]
[2020.12.08-14.10.31:327][  0]LogConfig: Setting CVar [[r.SceneColorFormat:4]]
[2020.12.08-14.10.31:327][  0]LogConfig: Setting CVar [[r.DetailMode:2]]
[2020.12.08-14.10.31:327][  0]LogConfig: Setting CVar [[r.TranslucencyVolumeBlur:1]]
[2020.12.08-14.10.31:327][  0]LogConfig: Setting CVar [[r.MaterialQualityLevel:1 ; High quality]]
[2020.12.08-14.10.31:327][  0]LogConfig: Setting CVar [[r.SSS.Scale:1]]
[2020.12.08-14.10.31:327][  0]LogConfig: Setting CVar [[r.SSS.SampleSet:2]]
[2020.12.08-14.10.31:327][  0]LogConfig: Setting CVar [[r.SSS.Quality:1]]
[2020.12.08-14.10.31:327][  0]LogConfig: Setting CVar [[r.SSS.HalfRes:0]]
[2020.12.08-14.10.31:327][  0]LogConfig: Setting CVar [[r.SSGI.Quality:3]]
[2020.12.08-14.10.31:327][  0]LogConfig: Setting CVar [[r.EmitterSpawnRateScale:1.0]]
[2020.12.08-14.10.31:327][  0]LogConfig: Setting CVar [[r.ParticleLightQuality:2]]
[2020.12.08-14.10.31:327][  0]LogConfig: Setting CVar [[r.SkyAtmosphere.AerialPerspectiveLUT.FastApplyOnOpaque:1 ; Always have FastSkyLUT 1 in this case to avoid wrong sky]]
[2020.12.08-14.10.31:328][  0]LogConfig: Setting CVar [[r.SkyAtmosphere.AerialPerspectiveLUT.SampleCountPerSlice:1]]
[2020.12.08-14.10.31:328][  0]LogConfig: Setting CVar [[r.SkyAtmosphere.AerialPerspectiveLUT.DepthResolution:16.0]]
[2020.12.08-14.10.31:328][  0]LogConfig: Setting CVar [[r.SkyAtmosphere.FastSkyLUT:1]]
[2020.12.08-14.10.31:328][  0]LogConfig: Setting CVar [[r.SkyAtmosphere.FastSkyLUT.SampleCountMin:4.0]]
[2020.12.08-14.10.31:328][  0]LogConfig: Setting CVar [[r.SkyAtmosphere.FastSkyLUT.SampleCountMax:32.0]]
[2020.12.08-14.10.31:328][  0]LogConfig: Setting CVar [[r.SkyAtmosphere.SampleCountMin:4.0]]
[2020.12.08-14.10.31:328][  0]LogConfig: Setting CVar [[r.SkyAtmosphere.SampleCountMax:32.0]]
[2020.12.08-14.10.31:328][  0]LogConfig: Setting CVar [[r.SkyAtmosphere.TransmittanceLUT.UseSmallFormat:0]]
[2020.12.08-14.10.31:328][  0]LogConfig: Setting CVar [[r.SkyAtmosphere.TransmittanceLUT.SampleCount:10.0]]
[2020.12.08-14.10.31:328][  0]LogConfig: Setting CVar [[r.SkyAtmosphere.MultiScatteringLUT.SampleCount:15.0]]
[2020.12.08-14.10.31:328][  0]LogConfig: Applying CVar settings from Section [FoliageQuality@3] File [D:/Unreal Projects/GameToolsProject/Saved/Config/Windows/Scalability.ini]
[2020.12.08-14.10.31:328][  0]LogConfig: Setting CVar [[foliage.DensityScale:1.0]]
[2020.12.08-14.10.31:328][  0]LogConfig: Setting CVar [[grass.DensityScale:1.0]]
[2020.12.08-14.10.31:328][  0]LogConfig: Applying CVar settings from Section [ShadingQuality@3] File [D:/Unreal Projects/GameToolsProject/Saved/Config/Windows/Scalability.ini]
[2020.12.08-14.10.31:328][  0]LogConfig: Setting CVar [[r.HairStrands.SkyLighting.SampleCount:16]]
[2020.12.08-14.10.31:328][  0]LogConfig: Setting CVar [[r.HairStrands.SkyLighting.JitterIntegration:0]]
[2020.12.08-14.10.31:328][  0]LogConfig: Setting CVar [[r.HairStrands.SkyAO.SampleCount:16]]
[2020.12.08-14.10.31:328][  0]LogConfig: Setting CVar [[r.HairStrands.DeepShadow.SuperSampling:0]]
[2020.12.08-14.10.31:328][  0]LogConfig: Setting CVar [[r.HairStrands.VisibilityPPLL:0]]
[2020.12.08-14.10.31:328][  0]LogConfig: Setting CVar [[r.HairStrands.RasterizationScale:0.5]]
[2020.12.08-14.10.31:328][  0]LogConfig: Setting CVar [[r.HairStrands.VelocityRasterizationScale:1]]
[2020.12.08-14.10.31:328][  0]LogInit: Selected Device Profile: [Windows]
[2020.12.08-14.10.31:328][  0]LogInit: Applying CVar settings loaded from the selected device profile: [Windows]
[2020.12.08-14.10.31:328][  0]LogHAL: Display: Platform has ~ 8 GB [8471191552 / 8589934592 / 8], which maps to Default [LargestMinGB=32, LargerMinGB=12, DefaultMinGB=8, SmallerMinGB=6, SmallestMinGB=0)
[2020.12.08-14.10.31:328][  0]LogInit: Going up to parent DeviceProfile []
[2020.12.08-14.10.31:328][  0]LogConfig: Applying CVar settings from Section [ViewDistanceQuality@3] File [D:/Unreal Projects/GameToolsProject/Saved/Config/Windows/Scalability.ini]
[2020.12.08-14.10.31:328][  0]LogConfig: Setting CVar [[r.SkeletalMeshLODBias:0]]
[2020.12.08-14.10.31:329][  0]LogConfig: Setting CVar [[r.ViewDistanceScale:1.0]]
[2020.12.08-14.10.31:329][  0]LogConfig: Applying CVar settings from Section [AntiAliasingQuality@3] File [D:/Unreal Projects/GameToolsProject/Saved/Config/Windows/Scalability.ini]
[2020.12.08-14.10.31:329][  0]LogConfig: Setting CVar [[r.PostProcessAAQuality:4]]
[2020.12.08-14.10.31:329][  0]LogConfig: Applying CVar settings from Section [ShadowQuality@3] File [D:/Unreal Projects/GameToolsProject/Saved/Config/Windows/Scalability.ini]
[2020.12.08-14.10.31:329][  0]LogConfig: Setting CVar [[r.LightFunctionQuality:1]]
[2020.12.08-14.10.31:329][  0]LogConfig: Setting CVar [[r.ShadowQuality:5]]
[2020.12.08-14.10.31:329][  0]LogConfig: Setting CVar [[r.Shadow.CSM.MaxCascades:10]]
[2020.12.08-14.10.31:329][  0]LogConfig: Setting CVar [[r.Shadow.MaxResolution:2048]]
[2020.12.08-14.10.31:329][  0]LogConfig: Setting CVar [[r.Shadow.MaxCSMResolution:2048]]
[2020.12.08-14.10.31:329][  0]LogConfig: Setting CVar [[r.Shadow.RadiusThreshold:0.01]]
[2020.12.08-14.10.31:329][  0]LogConfig: Setting CVar [[r.Shadow.DistanceScale:1.0]]
[2020.12.08-14.10.31:329][  0]LogConfig: Setting CVar [[r.Shadow.CSM.TransitionScale:1.0]]
[2020.12.08-14.10.31:329][  0]LogConfig: Setting CVar [[r.Shadow.PreShadowResolutionFactor:1.0]]
[2020.12.08-14.10.31:329][  0]LogConfig: Setting CVar [[r.DistanceFieldShadowing:1]]
[2020.12.08-14.10.31:329][  0]LogConfig: Setting CVar [[r.DistanceFieldAO:1]]
[2020.12.08-14.10.31:329][  0]LogConfig: Setting CVar [[r.AOQuality:2]]
[2020.12.08-14.10.31:329][  0]LogConfig: Setting CVar [[r.VolumetricFog:1]]
[2020.12.08-14.10.31:329][  0]LogConfig: Setting CVar [[r.VolumetricFog.GridPixelSize:8]]
[2020.12.08-14.10.31:329][  0]LogConfig: Setting CVar [[r.VolumetricFog.GridSizeZ:128]]
[2020.12.08-14.10.31:329][  0]LogConfig: Setting CVar [[r.VolumetricFog.HistoryMissSupersampleCount:4]]
[2020.12.08-14.10.31:329][  0]LogConfig: Setting CVar [[r.LightMaxDrawDistanceScale:1]]
[2020.12.08-14.10.31:329][  0]LogConfig: Setting CVar [[r.CapsuleShadows:1]]
[2020.12.08-14.10.31:329][  0]LogConfig: Applying CVar settings from Section [PostProcessQuality@3] File [D:/Unreal Projects/GameToolsProject/Saved/Config/Windows/Scalability.ini]
[2020.12.08-14.10.31:329][  0]LogConfig: Setting CVar [[r.MotionBlurQuality:4]]
[2020.12.08-14.10.31:329][  0]LogConfig: Setting CVar [[r.AmbientOcclusionMipLevelFactor:0.4]]
[2020.12.08-14.10.31:329][  0]LogConfig: Setting CVar [[r.AmbientOcclusionMaxQuality:100]]
[2020.12.08-14.10.31:329][  0]LogConfig: Setting CVar [[r.AmbientOcclusionLevels:-1]]
[2020.12.08-14.10.31:329][  0]LogConfig: Setting CVar [[r.AmbientOcclusionRadiusScale:1.0]]
[2020.12.08-14.10.31:329][  0]LogConfig: Setting CVar [[r.DepthOfFieldQuality:2]]
[2020.12.08-14.10.31:329][  0]LogConfig: Setting CVar [[r.RenderTargetPoolMin:400]]
[2020.12.08-14.10.31:329][  0]LogConfig: Setting CVar [[r.LensFlareQuality:2]]
[2020.12.08-14.10.31:329][  0]LogConfig: Setting CVar [[r.SceneColorFringeQuality:1]]
[2020.12.08-14.10.31:329][  0]LogConfig: Setting CVar [[r.EyeAdaptationQuality:2]]
[2020.12.08-14.10.31:329][  0]LogConfig: Setting CVar [[r.BloomQuality:5]]
[2020.12.08-14.10.31:329][  0]LogConfig: Setting CVar [[r.FastBlurThreshold:100]]
[2020.12.08-14.10.31:329][  0]LogConfig: Setting CVar [[r.Upscale.Quality:3]]
[2020.12.08-14.10.31:329][  0]LogConfig: Setting CVar [[r.Tonemapper.GrainQuantization:1]]
[2020.12.08-14.10.31:329][  0]LogConfig: Setting CVar [[r.LightShaftQuality:1]]
[2020.12.08-14.10.31:329][  0]LogConfig: Setting CVar [[r.Filter.SizeScale:1]]
[2020.12.08-14.10.31:329][  0]LogConfig: Setting CVar [[r.Tonemapper.Quality:5]]
[2020.12.08-14.10.31:329][  0]LogConfig: Setting CVar [[r.DOF.Gather.AccumulatorQuality:1        ; higher gathering accumulator quality]]
[2020.12.08-14.10.31:330][  0]LogConfig: Setting CVar [[r.DOF.Gather.PostfilterMethod:1          ; Median3x3 postfilering method]]
[2020.12.08-14.10.31:330][  0]LogConfig: Setting CVar [[r.DOF.Gather.EnableBokehSettings:0       ; no bokeh simulation when gathering]]
[2020.12.08-14.10.31:330][  0]LogConfig: Setting CVar [[r.DOF.Gather.RingCount:4                 ; medium number of samples when gathering]]
[2020.12.08-14.10.31:330][  0]LogConfig: Setting CVar [[r.DOF.Scatter.ForegroundCompositing:1    ; additive foreground scattering]]
[2020.12.08-14.10.31:330][  0]LogConfig: Setting CVar [[r.DOF.Scatter.BackgroundCompositing:2    ; additive background scattering]]
[2020.12.08-14.10.31:330][  0]LogConfig: Setting CVar [[r.DOF.Scatter.EnableBokehSettings:1      ; bokeh simulation when scattering]]
[2020.12.08-14.10.31:330][  0]LogConfig: Setting CVar [[r.DOF.Scatter.MaxSpriteRatio:0.1         ; only a maximum of 10% of scattered bokeh]]
[2020.12.08-14.10.31:330][  0]LogConfig: Setting CVar [[r.DOF.Recombine.Quality:1                ; cheap slight out of focus]]
[2020.12.08-14.10.31:330][  0]LogConfig: Setting CVar [[r.DOF.Recombine.EnableBokehSettings:0    ; no bokeh simulation on slight out of focus]]
[2020.12.08-14.10.31:330][  0]LogConfig: Setting CVar [[r.DOF.TemporalAAQuality:1                ; more stable temporal accumulation]]
[2020.12.08-14.10.31:330][  0]LogConfig: Setting CVar [[r.DOF.Kernel.MaxForegroundRadius:0.025]]
[2020.12.08-14.10.31:330][  0]LogConfig: Setting CVar [[r.DOF.Kernel.MaxBackgroundRadius:0.025]]
[2020.12.08-14.10.31:330][  0]LogConfig: Applying CVar settings from Section [TextureQuality@3] File [D:/Unreal Projects/GameToolsProject/Saved/Config/Windows/Scalability.ini]
[2020.12.08-14.10.31:330][  0]LogConfig: Setting CVar [[r.Streaming.MipBias:0]]
[2020.12.08-14.10.31:330][  0]LogConfig: Setting CVar [[r.Streaming.AmortizeCPUToGPUCopy:0]]
[2020.12.08-14.10.31:330][  0]LogConfig: Setting CVar [[r.Streaming.MaxNumTexturesToStreamPerFrame:0]]
[2020.12.08-14.10.31:330][  0]LogConfig: Setting CVar [[r.Streaming.Boost:1]]
[2020.12.08-14.10.31:330][  0]LogConfig: Setting CVar [[r.MaxAnisotropy:8]]
[2020.12.08-14.10.31:330][  0]LogConfig: Setting CVar [[r.VT.MaxAnisotropy:8]]
[2020.12.08-14.10.31:330][  0]LogConfig: Setting CVar [[r.Streaming.LimitPoolSizeToVRAM:0]]
[2020.12.08-14.10.31:330][  0]LogConfig: Setting CVar [[r.Streaming.PoolSize:1000]]
[2020.12.08-14.10.31:330][  0]LogConfig: Setting CVar [[r.Streaming.MaxEffectiveScreenSize:0]]
[2020.12.08-14.10.31:330][  0]LogConfig: Applying CVar settings from Section [EffectsQuality@3] File [D:/Unreal Projects/GameToolsProject/Saved/Config/Windows/Scalability.ini]
[2020.12.08-14.10.31:330][  0]LogConfig: Setting CVar [[r.TranslucencyLightingVolumeDim:64]]
[2020.12.08-14.10.31:330][  0]LogConfig: Setting CVar [[r.RefractionQuality:2]]
[2020.12.08-14.10.31:330][  0]LogConfig: Setting CVar [[r.SSR.Quality:3]]
[2020.12.08-14.10.31:330][  0]LogConfig: Setting CVar [[r.SSR.HalfResSceneColor:0]]
[2020.12.08-14.10.31:330][  0]LogConfig: Setting CVar [[r.SceneColorFormat:4]]
[2020.12.08-14.10.31:330][  0]LogConfig: Setting CVar [[r.DetailMode:2]]
[2020.12.08-14.10.31:330][  0]LogConfig: Setting CVar [[r.TranslucencyVolumeBlur:1]]
[2020.12.08-14.10.31:330][  0]LogConfig: Setting CVar [[r.MaterialQualityLevel:1 ; High quality]]
[2020.12.08-14.10.31:330][  0]LogConfig: Setting CVar [[r.SSS.Scale:1]]
[2020.12.08-14.10.31:330][  0]LogConfig: Setting CVar [[r.SSS.SampleSet:2]]
[2020.12.08-14.10.31:330][  0]LogConfig: Setting CVar [[r.SSS.Quality:1]]
[2020.12.08-14.10.31:330][  0]LogConfig: Setting CVar [[r.SSS.HalfRes:0]]
[2020.12.08-14.10.31:330][  0]LogConfig: Setting CVar [[r.SSGI.Quality:3]]
[2020.12.08-14.10.31:330][  0]LogConfig: Setting CVar [[r.EmitterSpawnRateScale:1.0]]
[2020.12.08-14.10.31:330][  0]LogConfig: Setting CVar [[r.ParticleLightQuality:2]]
[2020.12.08-14.10.31:330][  0]LogConfig: Setting CVar [[r.SkyAtmosphere.AerialPerspectiveLUT.FastApplyOnOpaque:1 ; Always have FastSkyLUT 1 in this case to avoid wrong sky]]
[2020.12.08-14.10.31:330][  0]LogConfig: Setting CVar [[r.SkyAtmosphere.AerialPerspectiveLUT.SampleCountPerSlice:1]]
[2020.12.08-14.10.31:330][  0]LogConfig: Setting CVar [[r.SkyAtmosphere.AerialPerspectiveLUT.DepthResolution:16.0]]
[2020.12.08-14.10.31:330][  0]LogConfig: Setting CVar [[r.SkyAtmosphere.FastSkyLUT:1]]
[2020.12.08-14.10.31:330][  0]LogConfig: Setting CVar [[r.SkyAtmosphere.FastSkyLUT.SampleCountMin:4.0]]
[2020.12.08-14.10.31:331][  0]LogConfig: Setting CVar [[r.SkyAtmosphere.FastSkyLUT.SampleCountMax:32.0]]
[2020.12.08-14.10.31:331][  0]LogConfig: Setting CVar [[r.SkyAtmosphere.SampleCountMin:4.0]]
[2020.12.08-14.10.31:331][  0]LogConfig: Setting CVar [[r.SkyAtmosphere.SampleCountMax:32.0]]
[2020.12.08-14.10.31:331][  0]LogConfig: Setting CVar [[r.SkyAtmosphere.TransmittanceLUT.UseSmallFormat:0]]
[2020.12.08-14.10.31:331][  0]LogConfig: Setting CVar [[r.SkyAtmosphere.TransmittanceLUT.SampleCount:10.0]]
[2020.12.08-14.10.31:331][  0]LogConfig: Setting CVar [[r.SkyAtmosphere.MultiScatteringLUT.SampleCount:15.0]]
[2020.12.08-14.10.31:331][  0]LogConfig: Applying CVar settings from Section [FoliageQuality@3] File [D:/Unreal Projects/GameToolsProject/Saved/Config/Windows/Scalability.ini]
[2020.12.08-14.10.31:331][  0]LogConfig: Setting CVar [[foliage.DensityScale:1.0]]
[2020.12.08-14.10.31:331][  0]LogConfig: Setting CVar [[grass.DensityScale:1.0]]
[2020.12.08-14.10.31:331][  0]LogConfig: Applying CVar settings from Section [ShadingQuality@3] File [D:/Unreal Projects/GameToolsProject/Saved/Config/Windows/Scalability.ini]
[2020.12.08-14.10.31:331][  0]LogConfig: Setting CVar [[r.HairStrands.SkyLighting.SampleCount:16]]
[2020.12.08-14.10.31:331][  0]LogConfig: Setting CVar [[r.HairStrands.SkyLighting.JitterIntegration:0]]
[2020.12.08-14.10.31:331][  0]LogConfig: Setting CVar [[r.HairStrands.SkyAO.SampleCount:16]]
[2020.12.08-14.10.31:331][  0]LogConfig: Setting CVar [[r.HairStrands.DeepShadow.SuperSampling:0]]
[2020.12.08-14.10.31:331][  0]LogConfig: Setting CVar [[r.HairStrands.VisibilityPPLL:0]]
[2020.12.08-14.10.31:331][  0]LogConfig: Setting CVar [[r.HairStrands.RasterizationScale:0.5]]
[2020.12.08-14.10.31:331][  0]LogConfig: Setting CVar [[r.HairStrands.VelocityRasterizationScale:1]]
[2020.12.08-14.10.31:331][  0]LogConfig: Applying CVar settings from Section [Startup] File [../../../Engine/Config/ConsoleVariables.ini]
[2020.12.08-14.10.31:343][  0]LogConfig: Setting CVar [[net.UseAdaptiveNetUpdateFrequency:0]]
[2020.12.08-14.10.31:343][  0]LogConfig: Setting CVar [[p.chaos.AllowCreatePhysxBodies:1]]
[2020.12.08-14.10.31:343][  0]LogConfig: Setting CVar [[fx.SkipVectorVMBackendOptimizations:1]]
[2020.12.08-14.10.31:343][  0]LogConfig: Applying CVar settings from Section [ConsoleVariables] File [D:/Unreal Projects/GameToolsProject/Saved/Config/Windows/Engine.ini]
[2020.12.08-14.10.31:343][  0]LogInit: Computer: LAPTOP-QO355IRA
[2020.12.08-14.10.31:343][  0]LogInit: User: popey
[2020.12.08-14.10.31:344][  0]LogInit: CPU Page size=4096, Cores=4
[2020.12.08-14.10.31:344][  0]LogInit: High frequency timer resolution =10.000000 MHz
[2020.12.08-14.10.31:344][  0]LogMemory: Memory total: Physical=7.9GB (8GB approx)
[2020.12.08-14.10.31:344][  0]LogMemory: Platform Memory Stats for Windows
[2020.12.08-14.10.31:344][  0]LogMemory: Process Physical Memory: 114.04 MB used, 114.04 MB peak
[2020.12.08-14.10.31:344][  0]LogMemory: Process Virtual Memory: 96.35 MB used, 96.35 MB peak
[2020.12.08-14.10.31:344][  0]LogMemory: Physical Memory: 6370.84 MB used,  1707.91 MB free, 8078.76 MB total
[2020.12.08-14.10.31:344][  0]LogMemory: Virtual Memory: 5143.16 MB used,  134212584.00 MB free, 134217728.00 MB total
[2020.12.08-14.10.31:362][  0]LogWindows: WindowsPlatformFeatures enabled
[2020.12.08-14.10.31:796][  0]LogInit: Physics initialised using underlying interface: PhysX
[2020.12.08-14.10.31:805][  0]LogInit: Using OS detected language (en-GB).
[2020.12.08-14.10.31:805][  0]LogInit: Using OS detected locale (en-GB).
[2020.12.08-14.10.31:820][  0]LogTextLocalizationManager: No specific localization for 'en-GB' exists, so the 'en' localization will be used.
[2020.12.08-14.10.32:608][  0]LogInit: Setting process to per monitor DPI aware
[2020.12.08-14.10.32:925][  0]LogSlate: New Slate User Created.  User Index 0, Is Virtual User: 0
[2020.12.08-14.10.32:925][  0]LogSlate: Slate User Registered.  User Index 0, Is Virtual User: 0
[2020.12.08-14.10.33:827][  0]LogHMD: Failed to initialize OpenVR with code 110
[2020.12.08-14.10.33:827][  0]LogD3D11RHI: D3D11 min allowed feature level: 11_0
[2020.12.08-14.10.33:827][  0]LogD3D11RHI: D3D11 max allowed feature level: 11_0
[2020.12.08-14.10.33:827][  0]LogD3D11RHI: D3D11 adapters:
[2020.12.08-14.10.33:985][  0]LogD3D11RHI:    0. 'NVIDIA GeForce GTX 1050 Ti' (Feature Level 11_0)
[2020.12.08-14.10.33:985][  0]LogD3D11RHI:       4018/0/4039 MB DedicatedVideo/DedicatedSystem/SharedSystem, Outputs:1, VendorId:0x10de
[2020.12.08-14.10.34:019][  0]LogD3D11RHI:    1. 'Intel(R) HD Graphics 630' (Feature Level 11_0)
[2020.12.08-14.10.34:019][  0]LogD3D11RHI:       128/0/4039 MB DedicatedVideo/DedicatedSystem/SharedSystem, Outputs:0, VendorId:0x8086
[2020.12.08-14.10.34:030][  0]LogD3D11RHI:    2. 'Microsoft Basic Render Driver' (Feature Level 11_0)
[2020.12.08-14.10.34:030][  0]LogD3D11RHI:       0/0/4039 MB DedicatedVideo/DedicatedSystem/SharedSystem, Outputs:0, VendorId:0x1414
[2020.12.08-14.10.34:030][  0]LogD3D11RHI: Chosen D3D11 Adapter: 0
[2020.12.08-14.10.34:085][  0]LogD3D11RHI: Creating new Direct3DDevice
[2020.12.08-14.10.34:085][  0]LogD3D11RHI:     GPU DeviceId: 0x1c8c (for the marketing name, search the web for "GPU Device Id")
[2020.12.08-14.10.34:085][  0]LogWindows: EnumDisplayDevices:
[2020.12.08-14.10.34:085][  0]LogWindows:    0. 'Intel(R) HD Graphics 630' (P:1 D:1)
[2020.12.08-14.10.34:086][  0]LogWindows:    1. 'Intel(R) HD Graphics 630' (P:0 D:0)
[2020.12.08-14.10.34:086][  0]LogWindows:    2. 'Intel(R) HD Graphics 630' (P:0 D:0)
[2020.12.08-14.10.34:088][  0]LogWindows:    3. 'NVIDIA GeForce GTX 1050 Ti' (P:0 D:0)
[2020.12.08-14.10.34:089][  0]LogWindows:    4. 'NVIDIA GeForce GTX 1050 Ti' (P:0 D:0)
[2020.12.08-14.10.34:089][  0]LogWindows:    5. 'NVIDIA GeForce GTX 1050 Ti' (P:0 D:0)
[2020.12.08-14.10.34:090][  0]LogWindows:    6. 'NVIDIA GeForce GTX 1050 Ti' (P:0 D:0)
[2020.12.08-14.10.34:090][  0]LogWindows: DebugString: PrimaryIsNotTheChoosenAdapter PrimaryIsNotTheChoosenAdapter PrimaryIsNotTheChoosenAdapter FoundDriverCount:4 
[2020.12.08-14.10.34:090][  0]LogD3D11RHI:     Adapter Name: NVIDIA GeForce GTX 1050 Ti
[2020.12.08-14.10.34:090][  0]LogD3D11RHI:   Driver Version: 452.41 (internal:27.21.14.5241, unified:452.41)
[2020.12.08-14.10.34:090][  0]LogD3D11RHI:      Driver Date: 9-23-2020
[2020.12.08-14.10.34:090][  0]LogRHI: Texture pool is 2812 MB (70% of 4018 MB)
[2020.12.08-14.10.34:180][  0]LogD3D11RHI: RHI has support for 64 bit atomics
[2020.12.08-14.10.34:184][  0]LogD3D11RHI: [Aftermath] Enabled and primed
[2020.12.08-14.10.34:184][  0]LogD3D11RHI: Async texture creation enabled
[2020.12.08-14.10.34:184][  0]LogD3D11RHI: Array index from any shader is supported
[2020.12.08-14.10.34:288][  0]LogD3D11RHI: GPU Timing Frequency: 1000.000000 (Debug: 2 1)
[2020.12.08-14.10.35:101][  0]LogTargetPlatformManager: Display: Loaded TargetPlatform 'AllDesktop'
[2020.12.08-14.10.35:151][  0]LogTargetPlatformManager: Display: Loaded TargetPlatform 'Android'
[2020.12.08-14.10.35:151][  0]LogTargetPlatformManager: Display: Loaded TargetPlatform 'Android_ASTC'
[2020.12.08-14.10.35:151][  0]LogTargetPlatformManager: Display: Loaded TargetPlatform 'Android_DXT'
[2020.12.08-14.10.35:151][  0]LogTargetPlatformManager: Display: Loaded TargetPlatform 'Android_ETC2'
[2020.12.08-14.10.35:151][  0]LogTargetPlatformManager: Display: Loaded TargetPlatform 'AndroidClient'
[2020.12.08-14.10.35:151][  0]LogTargetPlatformManager: Display: Loaded TargetPlatform 'Android_ASTCClient'
[2020.12.08-14.10.35:151][  0]LogTargetPlatformManager: Display: Loaded TargetPlatform 'Android_DXTClient'
[2020.12.08-14.10.35:151][  0]LogTargetPlatformManager: Display: Loaded TargetPlatform 'Android_ETC2Client'
[2020.12.08-14.10.35:151][  0]LogTargetPlatformManager: Display: Loaded TargetPlatform 'Android_Multi'
[2020.12.08-14.10.35:151][  0]LogTargetPlatformManager: Display: Loaded TargetPlatform 'Android_MultiClient'
[2020.12.08-14.10.35:233][  0]LogTargetPlatformManager: Display: Loaded TargetPlatform 'IOSClient'
[2020.12.08-14.10.35:233][  0]LogTargetPlatformManager: Display: Loaded TargetPlatform 'IOS'
[2020.12.08-14.10.35:267][  0]LogTargetPlatformManager: Display: Loaded TargetPlatform 'Linux'
[2020.12.08-14.10.35:298][  0]LogTargetPlatformManager: Display: Loaded TargetPlatform 'LinuxNoEditor'
[2020.12.08-14.10.35:317][  0]LogTargetPlatformManager: Display: Loaded TargetPlatform 'LinuxClient'
[2020.12.08-14.10.35:335][  0]LogTargetPlatformManager: Display: Loaded TargetPlatform 'LinuxServer'
[2020.12.08-14.10.35:356][  0]LogTargetPlatformManager: Display: Loaded TargetPlatform 'LinuxAArch64NoEditor'
[2020.12.08-14.10.35:377][  0]LogTargetPlatformManager: Display: Loaded TargetPlatform 'LinuxAArch64Client'
[2020.12.08-14.10.35:432][  0]LogTargetPlatformManager: Display: Loaded TargetPlatform 'LinuxAArch64Server'
[2020.12.08-14.10.35:497][  0]LogTargetPlatformManager: Display: Loaded TargetPlatform 'Lumin'
[2020.12.08-14.10.35:497][  0]LogTargetPlatformManager: Display: Loaded TargetPlatform 'LuminClient'
[2020.12.08-14.10.35:542][  0]LogTargetPlatformManager: Display: Loaded TargetPlatform 'TVOSClient'
[2020.12.08-14.10.35:542][  0]LogTargetPlatformManager: Display: Loaded TargetPlatform 'TVOS'
[2020.12.08-14.10.35:577][  0]LogTargetPlatformManager: Display: Loaded TargetPlatform 'WindowsNoEditor'
[2020.12.08-14.10.35:596][  0]LogTargetPlatformManager: Display: Loaded TargetPlatform 'Windows'
[2020.12.08-14.10.35:616][  0]LogTargetPlatformManager: Display: Loaded TargetPlatform 'WindowsClient'
[2020.12.08-14.10.35:665][  0]LogTargetPlatformManager: Display: Loaded TargetPlatform 'WindowsServer'
[2020.12.08-14.10.35:665][  0]LogTargetPlatformManager: Display: Building Assets For Windows
[2020.12.08-14.10.35:747][  0]LogAudioDebug: Display: Lib vorbis DLL was dynamically loaded.
[2020.12.08-14.10.36:332][  0]LogShaderCompilers: Guid format shader working directory is -2 characters bigger than the processId version (../../../../../Unreal Projects/GameToolsProject/Intermediate/Shaders/WorkingDirectory/37804/).
[2020.12.08-14.10.36:333][  0]LogShaderCompilers: Cleaned the shader compiler working directory 'C:/Users/popey/AppData/Local/Temp/UnrealShaderWorkingDir/9C61509240EFA45E2E82D789538E12DC/'.
[2020.12.08-14.10.36:334][  0]LogXGEController: Cannot use XGE Controller as Incredibuild is not installed on this machine.
[2020.12.08-14.10.36:334][  0]LogShaderCompilers: Cannot use XGE Shader Compiler as Incredibuild is not installed on this machine.
[2020.12.08-14.10.36:334][  0]LogShaderCompilers: Display: Using Local Shader Compiler.
[2020.12.08-14.10.38:518][  0]LogDerivedDataCache: Display: Max Cache Size: 512 MB
[2020.12.08-14.10.38:636][  0]LogDerivedDataCache: Loaded boot cache 0.12s 76MB C:/Users/popey/AppData/Local/UnrealEngine/4.25/DerivedDataCache/Boot.ddc.
[2020.12.08-14.10.38:636][  0]LogDerivedDataCache: Display: Loaded Boot cache: C:/Users/popey/AppData/Local/UnrealEngine/4.25/DerivedDataCache/Boot.ddc
[2020.12.08-14.10.38:637][  0]LogDerivedDataCache: FDerivedDataBackendGraph:  Pak pak cache file ../../../../../Unreal Projects/GameToolsProject/DerivedDataCache/DDC.ddp not found, will not use a pak cache.
[2020.12.08-14.10.38:637][  0]LogDerivedDataCache: Unable to find inner node Pak for hierarchical cache Hierarchy.
[2020.12.08-14.10.38:637][  0]LogDerivedDataCache: FDerivedDataBackendGraph:  CompressedPak pak cache file ../../../../../Unreal Projects/GameToolsProject/DerivedDataCache/Compressed.ddp not found, will not use a pak cache.
[2020.12.08-14.10.38:637][  0]LogDerivedDataCache: Unable to find inner node CompressedPak for hierarchical cache Hierarchy.
[2020.12.08-14.10.38:682][  0]LogDerivedDataCache: Display: Pak cache opened for reading ../../../Engine/DerivedDataCache/Compressed.ddp.
[2020.12.08-14.10.38:684][  0]LogDerivedDataCache: FDerivedDataBackendGraph:  EnterprisePak pak cache file ../../../Enterprise/DerivedDataCache/Compressed.ddp not found, will not use a pak cache.
[2020.12.08-14.10.38:684][  0]LogDerivedDataCache: Unable to find inner node EnterprisePak for hierarchical cache Hierarchy.
[2020.12.08-14.10.38:687][  0]LogDerivedDataCache: Using Local data cache path C:/Users/popey/AppData/Local/UnrealEngine/Common/DerivedDataCache: Writable
[2020.12.08-14.10.38:687][  0]LogDerivedDataCache: Shared data cache path not found in *engine.ini, will not use an Shared cache.
[2020.12.08-14.10.38:687][  0]LogDerivedDataCache: Unable to find inner node Shared for hierarchical cache Hierarchy.
[2020.12.08-14.10.38:778][  0]LogSlate: Using FreeType 2.10.0
[2020.12.08-14.10.38:805][  0]LogSlate: SlateFontServices - WITH_FREETYPE: 1, WITH_HARFBUZZ: 1
[2020.12.08-14.10.38:905][  0]LogAssetRegistry: FAssetRegistry took 0.0091 seconds to start up
[2020.12.08-14.10.39:476][  0]LogInit: Selected Device Profile: [Windows]
[2020.12.08-14.10.40:045][  0]LogMeshReduction: Using QuadricMeshReduction for automatic static mesh reduction
[2020.12.08-14.10.40:045][  0]LogMeshReduction: Using SimplygonMeshReduction for automatic skeletal mesh reduction
[2020.12.08-14.10.40:045][  0]LogMeshReduction: Using ProxyLODMeshReduction for automatic mesh merging
[2020.12.08-14.10.40:045][  0]LogMeshReduction: No distributed automatic mesh merging module available
[2020.12.08-14.10.40:045][  0]LogMeshMerging: No distributed automatic mesh merging module available
[2020.12.08-14.10.40:094][  0]LogNetVersion: GameToolsProject 1.0.0, NetCL: 13144385, EngineNetVer: 14, GameNetVer: 0 (Checksum: 3650669623)
[2020.12.08-14.10.41:132][  0]LogAISub: UAISubsystem::UAISubsystem AISubsystem (00000137238FB740), frame # 0
[2020.12.08-14.10.41:133][  0]LogAISub: UAISubsystem::UAISubsystem AIPerceptionSystem (0000013723938540), frame # 0
[2020.12.08-14.10.41:136][  0]LogAISub: UAISubsystem::UAISubsystem EnvQueryManager (000001372394DC00), frame # 0
[2020.12.08-14.10.42:541][  0]LogPackageLocalizationCache: Processed 19 localized package path(s) for 1 prioritized culture(s) in 1.392804 seconds
[2020.12.08-14.10.42:553][  0]LogUObjectArray: 15917 objects as part of root set at end of initial load.
[2020.12.08-14.10.42:553][  0]LogUObjectAllocator: 3965568 out of 0 bytes used by permanent object pool.
[2020.12.08-14.10.42:553][  0]LogUObjectArray: CloseDisregardForGC: 0/0 objects in disregard for GC pool
[2020.12.08-14.10.43:722][  0]LogTcpMessaging: Initializing TcpMessaging bridge
[2020.12.08-14.10.43:735][  0]LogUdpMessaging: Initializing bridge on interface 0.0.0.0:0 to multicast group 230.0.0.1:6666.
[2020.12.08-14.10.44:953][  0]SourceControl: Source control is disabled
[2020.12.08-14.10.44:953][  0]SourceControl: Source control is disabled
[2020.12.08-14.10.44:963][  0]SourceControl: Source control is disabled
[2020.12.08-14.10.44:971][  0]SourceControl: Source control is disabled
[2020.12.08-14.10.44:991][  0]SourceControl: Source control is disabled
[2020.12.08-14.10.45:806][  0]LogAndroidPermission: UAndroidPermissionCallbackProxy::GetInstance
[2020.12.08-14.10.45:874][  0]LogAudioCaptureCore: Display: No Audio Capture implementations found. Audio input will be silent.
[2020.12.08-14.10.45:874][  0]LogAudioCaptureCore: Display: No Audio Capture implementations found. Audio input will be silent.
[2020.12.08-14.10.46:024][  0]LogOcInput: OculusInput pre-init called
[2020.12.08-14.10.46:065][  0]LogWindows: Failed to load 'OVRPlugin.dll' (GetLastError=126)
[2020.12.08-14.10.46:066][  0]LogWindows: File 'OVRPlugin.dll' does not exist
[2020.12.08-14.10.46:219][  0]LogEngine: Initializing Engine...
[2020.12.08-14.10.46:254][  0]LogHMD: Failed to initialize OpenVR with code 110
[2020.12.08-14.10.46:266][  0]LogMagicLeap: Warning: VR disabled because ZI is not enabled.  To enable, in the editor, Edit -> Project Settings -> Plugins -> Magic Leap Plugin -> Enable Zero Iteration
[2020.12.08-14.10.46:268][  0]LogStats: UGameplayTagsManager::InitializeManager -  0.000 s
[2020.12.08-14.10.46:656][  0]LogInit: Initializing FReadOnlyCVARCache
[2020.12.08-14.10.46:693][  0]LogAIModule: Creating AISystem for world Untitled
[2020.12.08-14.10.46:693][  0]LogAISub: UAISubsystem::UAISubsystem EnvQueryManager (000001373BF6FC00), frame # 0
[2020.12.08-14.10.46:694][  0]LogAISub: UAISubsystem::UAISubsystem AIPerceptionSystem (000001373BF7BB00), frame # 0
[2020.12.08-14.10.46:741][  0]LogAudioMixer: Display: Audio Mixer Platform Settings:
[2020.12.08-14.10.46:741][  0]LogAudioMixer: Display: 	Sample Rate:						  48000
[2020.12.08-14.10.46:741][  0]LogAudioMixer: Display: 	Callback Buffer Frame Size Requested: 1024
[2020.12.08-14.10.46:741][  0]LogAudioMixer: Display: 	Callback Buffer Frame Size To Use:	  1024
[2020.12.08-14.10.46:741][  0]LogAudioMixer: Display: 	Number of buffers to queue:			  2
[2020.12.08-14.10.46:741][  0]LogAudioMixer: Display: 	Max Channels (voices):				  32
[2020.12.08-14.10.46:741][  0]LogAudioMixer: Display: 	Number of Async Source Workers:		  0
[2020.12.08-14.10.46:741][  0]LogAudio: Display: AudioDevice MaxSources: 32
[2020.12.08-14.10.46:746][  0]LogAudio: Display: Using built-in audio occlusion.
[2020.12.08-14.10.46:746][  0]LogAudioMixer: Display: Initializing audio mixer.
[2020.12.08-14.10.46:816][  0]LogAudioMixer: Display: 0: FrontLeft
[2020.12.08-14.10.46:816][  0]LogAudioMixer: Display: 1: FrontRight
[2020.12.08-14.10.46:932][  0]LogAudioMixer: Display: Using Audio Device Speaker/Headphone (Realtek High Definition Audio)
[2020.12.08-14.10.46:941][  0]LogAudioMixer: Display: Initializing Sound Submixes...
[2020.12.08-14.10.46:951][  0]LogAudioMixer: Display: Creating Master Submix 'MasterSubmixDefault'
[2020.12.08-14.10.46:951][  0]LogAudioMixer: Display: Creating Master Submix 'MasterReverbSubmixDefault'
[2020.12.08-14.10.46:951][  0]LogAudioMixer: Display: Creating Master Submix 'MasterEQSubmixDefault'
[2020.12.08-14.10.46:953][  0]LogInit: FAudioDevice initialized.
[2020.12.08-14.10.46:954][  0]LogNetVersion: Set ProjectVersion to 1.0.0.0. Version Checksum will be recalculated on next use.
[2020.12.08-14.10.47:078][  0]LogDerivedDataCache: Saved boot cache 0.12s 76MB C:/Users/popey/AppData/Local/UnrealEngine/4.25/DerivedDataCache/Boot.ddc.
[2020.12.08-14.10.47:080][  0]LogInit: Texture streaming: Enabled
[2020.12.08-14.10.47:143][  0]LogEngineSessionManager: EngineSessionManager initialized
[2020.12.08-14.10.47:143][  0]LogEditorSessionSummary: Verbose: Initializing EditorSessionSummaryWriter for editor session tracking
[2020.12.08-14.10.47:162][  0]LogEditorSessionSummary: EditorSessionSummaryWriter initialized
[2020.12.08-14.10.47:301][  0]LogInit: Transaction tracking system initialized
[2020.12.08-14.10.47:364][  0]BlueprintLog: New page: Editor Load
[2020.12.08-14.10.47:688][  0]LocalizationService: Localization service is disabled
[2020.12.08-14.10.48:542][  0]LogCook: Display: Max memory allowance for cook 16384mb min free memory 0mb
[2020.12.08-14.10.48:543][  0]LogCook: Display: Mobile HDR setting 1
[2020.12.08-14.10.48:951][  0]LogFileCache: Scanning file cache for directory 'D:/Unreal Projects/GameToolsProject/Content/' took 0.03s
[2020.12.08-14.10.49:401][  0]SourceControl: Source control is disabled
[2020.12.08-14.10.49:401][  0]LogUnrealEdMisc: Loading editor; pre map load, took 37.055
[2020.12.08-14.10.49:401][  0]Cmd: MAP LOAD FILE="../../../../../Unreal Projects/GameToolsProject/Content/FirstPersonBP/Maps/FirstPersonExampleMap.umap" TEMPLATE=0 SHOWPROGRESS=1 FEATURELEVEL=3
[2020.12.08-14.10.49:425][  0]LightingResults: New page: Lighting Build
[2020.12.08-14.10.49:427][  0]LogWorld: UWorld::CleanupWorld for Untitled, bSessionEnded=true, bCleanupResources=true
[2020.12.08-14.10.49:427][  0]LogSlate: InvalidateAllWidgets triggered.  All widgets were invalidated
[2020.12.08-14.10.49:427][  0]MapCheck: New page: Map Check
[2020.12.08-14.10.49:427][  0]LightingResults: New page: Lighting Build
[2020.12.08-14.10.49:443][  0]LogAISub: UAISubsystem::~UAISubsystem EnvQueryManager (000001373BF6FC00), frame # 0
[2020.12.08-14.10.49:443][  0]LogAISub: UAISubsystem::~UAISubsystem AIPerceptionSystem (000001373BF7BB00), frame # 0
[2020.12.08-14.10.49:445][  0]LogUObjectHash: Compacting FUObjectHashTables data took   1.81ms
[2020.12.08-14.10.52:381][  0]LogAIModule: Creating AISystem for world FirstPersonExampleMap
[2020.12.08-14.10.52:381][  0]LogAISub: UAISubsystem::UAISubsystem EnvQueryManager (0000013731A56200), frame # 0
[2020.12.08-14.10.52:381][  0]LogAISub: UAISubsystem::UAISubsystem AIPerceptionSystem (00000137318CBB00), frame # 0
[2020.12.08-14.10.52:911][  0]LogEditorServer: Finished looking for orphan Actors (0.000 secs)
[2020.12.08-14.10.52:929][  0]LogUObjectHash: Compacting FUObjectHashTables data took   0.95ms
[2020.12.08-14.10.52:929][  0]Cmd: MAP CHECKDEP NOCLEARLOG
[2020.12.08-14.10.52:930][  0]MapCheck: Map check complete: 0 Error(s), 0 Warning(s), took 0.36ms to complete.
[2020.12.08-14.10.52:930][  0]LogFileHelpers: Loading map 'FirstPersonExampleMap' took 3.528
[2020.12.08-14.10.52:941][  0]LogUnrealEdMisc: Total Editor Startup Time, took 40.594
[2020.12.08-14.10.53:907][  0]LogSlate: Updating window title bar state: overlay mode, drag disabled, window buttons hidden, title bar hidden
[2020.12.08-14.10.53:931][  0]LogSlate: Updating window title bar state: overlay mode, drag disabled, window buttons hidden, title bar hidden
[2020.12.08-14.10.53:945][  0]LogSlate: Updating window title bar state: overlay mode, drag disabled, window buttons hidden, title bar hidden
[2020.12.08-14.10.53:960][  0]LogSlate: Updating window title bar state: overlay mode, drag disabled, window buttons hidden, title bar hidden
[2020.12.08-14.10.54:032][  0]LogCollectionManager: Loaded 0 collections in 0.001379 seconds
[2020.12.08-14.10.54:165][  0]LogFileCache: Scanning file cache for directory 'D:/Unreal Projects/GameToolsProject/Saved/Collections/' took 0.00s
[2020.12.08-14.10.54:165][  0]LogFileCache: Scanning file cache for directory 'D:/Unreal Projects/GameToolsProject/Content/Developers/popey/Collections/' took 0.00s
[2020.12.08-14.10.54:165][  0]LogFileCache: Scanning file cache for directory 'D:/Unreal Projects/GameToolsProject/Content/Collections/' took 0.00s
[2020.12.08-14.10.54:165][  0]LogContentBrowser: Native class hierarchy populated in 0.0236 seconds. Added 3427 classes and 821 folders.
[2020.12.08-14.10.54:410][  0]LogContentBrowser: Native class hierarchy updated for 'WidgetCarousel' in 0.0006 seconds. Added 0 classes and 0 folders.
[2020.12.08-14.10.56:103][  0]LogContentBrowser: Native class hierarchy updated for 'AddContentDialog' in 0.0006 seconds. Added 0 classes and 0 folders.
[2020.12.08-14.10.56:142][  0]LogContentBrowser: Native class hierarchy updated for 'SceneOutliner' in 0.0004 seconds. Added 2 classes and 0 folders.
[2020.12.08-14.10.56:863][  0]LogSlate: Took 0.000550 seconds to synchronously load lazily loaded font '../../../Engine/Content/Slate/Fonts/Roboto-Regular.ttf' (155K)
[2020.12.08-14.10.56:868][  0]LogSlate: Took 0.000340 seconds to synchronously load lazily loaded font '../../../Engine/Content/Slate/Fonts/Roboto-Bold.ttf' (160K)
[2020.12.08-14.10.57:088][  0]LogSlate: Took 0.029589 seconds to synchronously load lazily loaded font '../../../Engine/Content/Editor/Slate/Fonts/FontAwesome.ttf' (139K)
[2020.12.08-14.10.57:612][  0]LogRenderer: Reallocating scene render targets to support 488x216 Format 10 NumSamples 1 (Frame:1).
[2020.12.08-14.10.58:337][  0]LogSlate: Took 0.027831 seconds to synchronously load lazily loaded font '../../../Engine/Content/Slate/Fonts/Roboto-Light.ttf' (167K)
[2020.12.08-14.10.59:155][  0]LogContentBrowser: Native class hierarchy updated for 'HierarchicalLODOutliner' in 0.0005 seconds. Added 0 classes and 0 folders.
[2020.12.08-14.10.59:155][  0]LogLoad: (Engine Initialization) Total time: 46.81 seconds
[2020.12.08-14.10.59:155][  0]LogLoad: (Engine Initialization) Total Blueprint compile time: 0.00 seconds
[2020.12.08-14.10.59:540][  0]LogContentStreaming: Texture pool size now 1000 MB
[2020.12.08-14.10.59:869][  0]LogSlate: Took 0.000310 seconds to synchronously load lazily loaded font '../../../Engine/Content/Slate/Fonts/Roboto-Light.ttf' (167K)
[2020.12.08-14.10.59:908][  1]LogAssetRegistry: Asset discovery search completed in 21.0038 seconds
[2020.12.08-14.10.59:916][  1]LogCollectionManager: Fixed up redirectors for 0 collections in 0.000003 seconds (updated 0 objects)
[2020.12.08-14.11.18:174][139]LogAssetEditorSubsystem: Opening Asset editor for World /Game/FirstPersonBP/Maps/GameLevel.GameLevel
[2020.12.08-14.11.18:212][139]LogUObjectHash: Compacting FUObjectHashTables data took   1.02ms
[2020.12.08-14.11.18:225][139]Cmd: MAP LOAD FILE="../../../../../Unreal Projects/GameToolsProject/Content/FirstPersonBP/Maps/GameLevel.umap" TEMPLATE=0 SHOWPROGRESS=1 FEATURELEVEL=3
[2020.12.08-14.11.18:225][139]LightingResults: New page: Lighting Build
[2020.12.08-14.11.18:225][139]LoadErrors: New page: Loading map: GameLevel.umap
[2020.12.08-14.11.18:289][139]LogWorld: UWorld::CleanupWorld for FirstPersonExampleMap, bSessionEnded=true, bCleanupResources=true
[2020.12.08-14.11.18:290][139]LogSlate: InvalidateAllWidgets triggered.  All widgets were invalidated
[2020.12.08-14.11.18:290][139]MapCheck: New page: Map Check
[2020.12.08-14.11.18:290][139]LightingResults: New page: Lighting Build
[2020.12.08-14.11.18:301][139]LogAISub: UAISubsystem::~UAISubsystem EnvQueryManager (0000013731A56200), frame # 139
[2020.12.08-14.11.18:301][139]LogAISub: UAISubsystem::~UAISubsystem AIPerceptionSystem (00000137318CBB00), frame # 139
[2020.12.08-14.11.18:302][139]LogUObjectHash: Compacting FUObjectHashTables data took   0.75ms
[2020.12.08-14.11.18:411][139]LogEditorServer: Finished looking for orphan Actors (0.000 secs)
[2020.12.08-14.11.18:411][139]LogAIModule: Creating AISystem for world GameLevel
[2020.12.08-14.11.18:411][139]LogAISub: UAISubsystem::UAISubsystem EnvQueryManager (0000013731A55E00), frame # 139
[2020.12.08-14.11.18:418][139]LogAISub: UAISubsystem::UAISubsystem AIPerceptionSystem (0000013731822AC0), frame # 139
[2020.12.08-14.11.18:434][139]LogUObjectHash: Compacting FUObjectHashTables data took   0.74ms
[2020.12.08-14.11.18:461][139]Cmd: MAP CHECKDEP NOCLEARLOG
[2020.12.08-14.11.18:462][139]MapCheck: Map check complete: 0 Error(s), 0 Warning(s), took 0.316ms to complete.
[2020.12.08-14.11.18:462][139]LogFileHelpers: Loading map 'GameLevel' took 0.236
[2020.12.08-14.11.26:814][584]LogPhysics: Warning: UBodySetup::GetCookInfo: Triangle data from '/Game/FirstPersonBP/Maps/GameLevel.GameLevel:PersistentLevel.ModelComponent_2668' invalid (9808 verts, 0 indices).
[2020.12.08-14.11.26:814][584]LogPhysics: Warning: Attempt to build physics data for /Game/FirstPersonBP/Maps/GameLevel.GameLevel:PersistentLevel.ModelComponent_2668.BodySetup_0 when we are unable to.
[2020.12.08-14.11.26:817][584]LogPhysics: Warning: UBodySetup::GetCookInfo: Triangle data from '/Game/FirstPersonBP/Maps/GameLevel.GameLevel:PersistentLevel.ModelComponent_2669' invalid (9808 verts, 0 indices).
[2020.12.08-14.11.26:817][584]LogPhysics: Warning: Attempt to build physics data for /Game/FirstPersonBP/Maps/GameLevel.GameLevel:PersistentLevel.ModelComponent_2669.BodySetup_0 when we are unable to.
[2020.12.08-14.11.26:819][584]LogPhysics: Warning: UBodySetup::GetCookInfo: Triangle data from '/Game/FirstPersonBP/Maps/GameLevel.GameLevel:PersistentLevel.ModelComponent_2670' invalid (9808 verts, 0 indices).
[2020.12.08-14.11.26:819][584]LogPhysics: Warning: Attempt to build physics data for /Game/FirstPersonBP/Maps/GameLevel.GameLevel:PersistentLevel.ModelComponent_2670.BodySetup_0 when we are unable to.
[2020.12.08-14.11.26:820][584]LogPhysics: Warning: UBodySetup::GetCookInfo: Triangle data from '/Game/FirstPersonBP/Maps/GameLevel.GameLevel:PersistentLevel.ModelComponent_2671' invalid (9808 verts, 0 indices).
[2020.12.08-14.11.26:820][584]LogPhysics: Warning: Attempt to build physics data for /Game/FirstPersonBP/Maps/GameLevel.GameLevel:PersistentLevel.ModelComponent_2671.BodySetup_0 when we are unable to.
[2020.12.08-14.12.44:589][642]LogEditorViewport: Clicking on Actor (LMB): Brush (Box Brush41)
[2020.12.08-14.13.06:982][899]Cmd: EDIT COPY
[2020.12.08-14.13.07:742][911]Cmd: EDIT PASTE
[2020.12.08-14.14.04:189][484]LogEditorViewport: Clicking on Actor (LMB): Brush (Box Brush41)
[2020.12.08-14.14.05:241][539]Cmd: EDIT COPY
[2020.12.08-14.14.05:645][558]Cmd: EDIT PASTE
[2020.12.08-14.14.23:837][141]Cmd: EDIT COPY
[2020.12.08-14.14.24:170][159]Cmd: EDIT PASTE
[2020.12.08-14.14.39:224][751]LogEditorViewport: Clicking on Actor (LMB): Brush (Box Brush43)
[2020.12.08-14.14.40:271][809]Cmd: EDIT COPY
[2020.12.08-14.14.40:678][830]Cmd: EDIT PASTE
[2020.12.08-14.15.24:894][432]LogEditorViewport: Clicking Background
[2020.12.08-14.15.26:495][533]LogEditorViewport: Clicking on Actor (LMB): Brush (Box Brush46)
[2020.12.08-14.15.38:408][176]LogEditorViewport: Clicking on Actor (LMB): Brush (Box Brush44)
[2020.12.08-14.15.40:008][267]Cmd: EDIT COPY
[2020.12.08-14.15.40:505][295]Cmd: EDIT COPY
[2020.12.08-14.15.43:326][431]Cmd: TRANSACTION UNDO
[2020.12.08-14.15.43:326][431]LogEditorTransaction: Undo Move Actors
[2020.12.08-14.15.44:169][437]Cmd: TRANSACTION UNDO
[2020.12.08-14.15.44:169][437]LogEditorTransaction: Undo Clicking on Actors
[2020.12.08-14.15.46:031][533]LogEditorViewport: Clicking on Actor (LMB): Brush (Box Brush44)
[2020.12.08-14.15.46:882][576]Cmd: EDIT COPY
[2020.12.08-14.15.47:285][596]Cmd: EDIT PASTE
[2020.12.08-14.16.17:549][ 42]LogEditorViewport: Clicking Background
[2020.12.08-14.16.18:833][122]LogEditorViewport: Clicking on Actor (LMB): Brush (Box Brush47)
[2020.12.08-14.16.20:985][207]LogEditorViewport: Clicking on Actor (LMB): Brush (Box Brush37)
[2020.12.08-14.16.21:595][235]LogEditorViewport: Clicking on Actor (LMB): Brush (Box Brush47)
[2020.12.08-14.16.36:475][795]LogEditorViewport: Clicking on Actor (LMB): Brush (Box Brush42)
[2020.12.08-14.16.37:579][855]Cmd: EDIT COPY
[2020.12.08-14.16.38:013][877]Cmd: EDIT PASTE
[2020.12.08-14.16.49:017][339]LogEditorViewport: Clicking Background
[2020.12.08-14.16.49:955][399]LogEditorViewport: Clicking on Actor (LMB): Brush (Box Brush44)
[2020.12.08-14.16.51:114][463]Cmd: EDIT COPY
[2020.12.08-14.16.51:538][486]Cmd: EDIT PASTE
[2020.12.08-14.17.10:954][293]Cmd: DELETE
[2020.12.08-14.17.10:954][293]Cmd: ACTOR DELETE
[2020.12.08-14.17.11:059][293]LogEditorActor: Deleted Actor: Brush
[2020.12.08-14.17.11:209][293]LogUObjectHash: Compacting FUObjectHashTables data took   0.98ms
[2020.12.08-14.17.11:326][293]LogEditorActor: Deleted 1 Actors (0.361 secs)
[2020.12.08-14.17.12:170][337]LogEditorViewport: Clicking on Actor (LMB): Brush (Box Brush48)
[2020.12.08-14.17.16:242][566]Cmd: EDIT COPY
[2020.12.08-14.17.16:729][587]Cmd: EDIT PASTE
[2020.12.08-14.17.34:206][127]LogEditorViewport: Clicking on Actor (LMB): Brush (Box Brush44)
[2020.12.08-14.17.35:381][192]Cmd: EDIT COPY
[2020.12.08-14.17.35:819][217]Cmd: EDIT PASTE
[2020.12.08-14.17.41:880][487]LogEditorViewport: Clicking Background
[2020.12.08-14.17.43:498][590]LogEditorViewport: Clicking on Actor (LMB): Brush (Box Brush50)
[2020.12.08-14.17.46:409][750]LogEditorViewport: Clicking on Actor (LMB): Brush (Box Brush48)
[2020.12.08-14.17.49:411][887]LogEditorViewport: Clicking on Actor (LMB): Brush (Box Brush49)
[2020.12.08-14.17.52:193][ 26]LogEditorViewport: Clicking on Actor (LMB): Brush (Box Brush50)
[2020.12.08-14.17.55:811][206]LogEditorViewport: Clicking Background
[2020.12.08-14.18.03:374][335]LogEditorViewport: Clicking on Actor (LMB): Brush (Box Brush43)
[2020.12.08-14.18.04:305][386]Cmd: EDIT COPY
[2020.12.08-14.18.04:673][404]Cmd: EDIT PASTE
[2020.12.08-14.18.08:250][549]LogEditorViewport: Clicking on Actor (LMB): Brush (Box Brush43)
[2020.12.08-14.18.10:465][657]LogEditorViewport: Clicking on Actor (LMB): Brush (Box Brush51)
[2020.12.08-14.18.18:574][ 43]LogEditorViewport: Clicking Background
[2020.12.08-14.18.23:034][315]LogEditorViewport: Clicking on Actor (LMB): Brush (Box Brush39)
[2020.12.08-14.18.26:164][493]LogEditorViewport: Clicking on Actor (LMB): Brush (Box Brush37)
[2020.12.08-14.19.23:364][423]LogSlate: Window 'Select Path' being destroyed
[2020.12.08-14.19.23:638][423]LogStaticMesh: Building static mesh Level2Walls...
[2020.12.08-14.19.23:813][423]LogStaticMesh: Built static mesh [0.10s] /Game/Geometry/Meshes/Level2Walls.Level2Walls
[2020.12.08-14.19.23:857][423]LogActorFactory: Actor Factory created Level2Walls
[2020.12.08-14.19.24:461][423]LogEditor: Error: Actor 'Brush /Game/FirstPersonBP/Maps/GameLevel.GameLevel:PersistentLevel.BoxBrush40' is marked pending kill and cannot be converted
[2020.12.08-14.19.24:461][423]LogEditor: Error: Actor 'Brush /Game/FirstPersonBP/Maps/GameLevel.GameLevel:PersistentLevel.BoxBrush41' is marked pending kill and cannot be converted
[2020.12.08-14.19.24:461][423]LogEditor: Error: Actor 'Brush /Game/FirstPersonBP/Maps/GameLevel.GameLevel:PersistentLevel.BoxBrush42' is marked pending kill and cannot be converted
[2020.12.08-14.19.24:461][423]LogEditor: Error: Actor 'Brush /Game/FirstPersonBP/Maps/GameLevel.GameLevel:PersistentLevel.BoxBrush43' is marked pending kill and cannot be converted
[2020.12.08-14.19.24:461][423]LogEditor: Error: Actor 'Brush /Game/FirstPersonBP/Maps/GameLevel.GameLevel:PersistentLevel.BoxBrush44' is marked pending kill and cannot be converted
[2020.12.08-14.19.24:461][423]LogEditor: Error: Actor 'Brush /Game/FirstPersonBP/Maps/GameLevel.GameLevel:PersistentLevel.BoxBrush45' is marked pending kill and cannot be converted
[2020.12.08-14.19.24:461][423]LogEditor: Error: Actor 'Brush /Game/FirstPersonBP/Maps/GameLevel.GameLevel:PersistentLevel.BoxBrush46' is marked pending kill and cannot be converted
[2020.12.08-14.19.24:461][423]LogEditor: Error: Actor 'Brush /Game/FirstPersonBP/Maps/GameLevel.GameLevel:PersistentLevel.BoxBrush47' is marked pending kill and cannot be converted
[2020.12.08-14.19.24:461][423]LogEditor: Error: Actor 'Brush /Game/FirstPersonBP/Maps/GameLevel.GameLevel:PersistentLevel.BoxBrush48' is marked pending kill and cannot be converted
[2020.12.08-14.19.24:461][423]LogEditor: Error: Actor 'Brush /Game/FirstPersonBP/Maps/GameLevel.GameLevel:PersistentLevel.BoxBrush49_8' is marked pending kill and cannot be converted
[2020.12.08-14.19.24:461][423]LogEditor: Error: Actor 'Brush /Game/FirstPersonBP/Maps/GameLevel.GameLevel:PersistentLevel.BoxBrush50' is marked pending kill and cannot be converted
[2020.12.08-14.19.24:461][423]LogEditor: Error: Actor 'Brush /Game/FirstPersonBP/Maps/GameLevel.GameLevel:PersistentLevel.BoxBrush51' is marked pending kill and cannot be converted
[2020.12.08-14.19.24:461][423]EditorErrors: New page: Actor Reattachment
[2020.12.08-14.19.24:504][423]LogUObjectHash: Compacting FUObjectHashTables data took   1.51ms
[2020.12.08-14.19.34:080][886]LogAssetEditorSubsystem: Opening Asset editor for StaticMesh /Game/Geometry/Meshes/Level2Walls.Level2Walls
[2020.12.08-14.19.38:324][886]LogWorld: UWorld::CleanupWorld for World_2, bSessionEnded=true, bCleanupResources=true
[2020.12.08-14.19.38:324][886]LogSlate: InvalidateAllWidgets triggered.  All widgets were invalidated
[2020.12.08-14.19.38:957][886]LogRenderer: Reallocating scene render targets to support 760x432 Format 10 NumSamples 1 (Frame:1).
[2020.12.08-14.19.38:957][886]LogSlate: Took 0.013479 seconds to synchronously load lazily loaded font '../../../Engine/Content/Slate/Fonts/Roboto-Italic.ttf' (157K)
[2020.12.08-14.20.02:085][685]LogSlate: Window 'Message' being destroyed
[2020.12.08-14.20.02:103][685]Message dialog closed, result: Yes, title: Message, text: Are you sure you want to convert all box collision?
[2020.12.08-14.20.04:365][770]LogSlate: Window 'Level2Walls' being destroyed
[2020.12.08-14.20.04:370][770]LogSlate: Window 'Level2Walls' being destroyed
[2020.12.08-14.20.04:385][770]LogWorld: UWorld::CleanupWorld for World_3, bSessionEnded=true, bCleanupResources=true
[2020.12.08-14.20.04:386][770]LogSlate: InvalidateAllWidgets triggered.  All widgets were invalidated
[2020.12.08-14.20.05:689][821]Cmd: TRANSACTION UNDO
[2020.12.08-14.20.05:689][821]LogEditorTransaction: Undo Create Convex Collision
[2020.12.08-14.20.06:497][842]Cmd: TRANSACTION UNDO
[2020.12.08-14.20.06:497][842]LogEditorTransaction: Undo Create Convex Collision
[2020.12.08-14.20.07:559][899]Cmd: TRANSACTION UNDO
[2020.12.08-14.20.07:559][899]LogEditorTransaction: Undo Convert Actors
[2020.12.08-14.20.11:665][ 78]LogUObjectHash: Compacting FUObjectHashTables data took   2.60ms
[2020.12.08-14.20.12:485][ 78]LogSavePackage: Moving '../../../../../Unreal Projects/GameToolsProject/Saved/GameLevelA267CA5842639E75E3D91FAB233B5AA3.tmp' to '../../../../../Unreal Projects/GameToolsProject/Content/FirstPersonBP/Maps/GameLevel.umap'
[2020.12.08-14.20.12:698][ 78]AssetCheck: New page: Asset Save: GameLevel
[2020.12.08-14.20.12:698][ 78]LogContentValidation: Display: Validating World /Game/FirstPersonBP/Maps/GameLevel.GameLevel
[2020.12.08-14.20.32:298][133]LogEditorViewport: Clicking on Actor (LMB): Brush (Box Brush40)
[2020.12.08-14.20.32:405][137]LogEditorViewport: Clicking on Actor (double click): Brush (Box Brush40)
[2020.12.08-14.20.33:731][212]LogEditorViewport: Clicking on Actor (LMB): Brush (Box Brush40)
[2020.12.08-14.20.33:845][216]LogEditorViewport: Clicking on Actor (double click): Brush (Box Brush40)
[2020.12.08-14.20.48:715][ 31]LogEditorViewport: Clicking Background
[2020.12.08-14.21.21:446][656]Cmd: TRANSACTION UNDO
[2020.12.08-14.21.21:446][656]LogEditorTransaction: Undo Move Actors
[2020.12.08-14.21.22:073][661]Cmd: TRANSACTION UNDO
[2020.12.08-14.21.22:074][661]LogEditorTransaction: Undo Move Actors
[2020.12.08-14.21.22:992][691]Cmd: TRANSACTION UNDO
[2020.12.08-14.21.22:992][691]LogEditorTransaction: Undo Clicking on Actors
[2020.12.08-14.21.33:970][259]Cmd: TRANSACTION UNDO
[2020.12.08-14.21.33:970][259]LogEditorTransaction: Undo Move Actors
[2020.12.08-14.22.47:005][185]LogEditorViewport: Clicking on Actor (LMB): Brush (Box Brush49)
[2020.12.08-14.22.52:499][447]LogUObjectHash: Compacting FUObjectHashTables data took   2.28ms
[2020.12.08-14.22.52:685][447]LogSavePackage: Moving '../../../../../Unreal Projects/GameToolsProject/Saved/GameLevel5B4977ED48DA43F8887F11B876D75524.tmp' to '../../../../../Unreal Projects/GameToolsProject/Content/FirstPersonBP/Maps/GameLevel.umap'
[2020.12.08-14.22.52:736][447]AssetCheck: New page: Asset Save: GameLevel
[2020.12.08-14.22.52:736][447]LogContentValidation: Display: Validating World /Game/FirstPersonBP/Maps/GameLevel.GameLevel
[2020.12.08-14.22.55:287][553]LogUObjectHash: Compacting FUObjectHashTables data took   0.81ms
[2020.12.08-14.22.55:484][553]LogSavePackage: Moving '../../../../../Unreal Projects/GameToolsProject/Saved/GameLevelCB3B5228498671A4B994AF82B6652F75.tmp' to '../../../../../Unreal Projects/GameToolsProject/Content/FirstPersonBP/Maps/GameLevel.umap'
[2020.12.08-14.22.55:521][553]AssetCheck: New page: Asset Save: GameLevel
[2020.12.08-14.22.55:521][553]LogContentValidation: Display: Validating World /Game/FirstPersonBP/Maps/GameLevel.GameLevel
[2020.12.08-14.24.47:399][702]LogSlate: Window 'Select Path' being destroyed
[2020.12.08-14.24.47:613][702]LogStaticMesh: Building static mesh Level2_INT_Wall1...
[2020.12.08-14.24.47:616][702]LogStaticMesh: Built static mesh [0.00s] /Game/Geometry/Meshes/Level2_INT_Wall1.Level2_INT_Wall1
[2020.12.08-14.24.47:667][702]LogActorFactory: Actor Factory created Level2_INT_Wall1
[2020.12.08-14.24.47:794][702]LogEditor: Error: Actor 'Brush /Game/FirstPersonBP/Maps/GameLevel.GameLevel:PersistentLevel.BoxBrush40' is marked pending kill and cannot be converted
[2020.12.08-14.24.47:795][702]EditorErrors: New page: Actor Reattachment
[2020.12.08-14.24.47:808][702]LogUObjectHash: Compacting FUObjectHashTables data took   2.20ms
[2020.12.08-14.24.56:909][154]LogAssetEditorSubsystem: Opening Asset editor for StaticMesh /Game/Geometry/Meshes/Level2_INT_Wall1.Level2_INT_Wall1
[2020.12.08-14.24.57:218][154]LogWorld: UWorld::CleanupWorld for World_4, bSessionEnded=true, bCleanupResources=true
[2020.12.08-14.24.57:218][154]LogSlate: InvalidateAllWidgets triggered.  All widgets were invalidated
[2020.12.08-14.24.57:519][155]LogRenderer: Reallocating scene render targets to support 760x436 Format 10 NumSamples 1 (Frame:1).
[2020.12.08-14.25.19:635][991]Cmd: TRANSACTION UNDO
[2020.12.08-14.25.19:635][991]LogEditorTransaction: Undo Create Convex Collision
[2020.12.08-14.25.20:345][  3]Cmd: TRANSACTION UNDO
[2020.12.08-14.25.20:346][  3]LogEditorTransaction: Undo Create Convex Collision
[2020.12.08-14.25.23:995][119]Cmd: TRANSACTION UNDO
[2020.12.08-14.25.23:995][119]LogEditorTransaction: Undo Create Convex Collision
[2020.12.08-14.25.27:790][236]Cmd: TRANSACTION UNDO
[2020.12.08-14.25.27:790][236]LogEditorTransaction: Undo Create Convex Collision
[2020.12.08-14.25.40:403][700]LogSlate: Window 'Level2_INT_Wall1' being destroyed
[2020.12.08-14.25.40:419][700]LogSlate: Window 'Level2_INT_Wall1' being destroyed
[2020.12.08-14.25.40:445][700]LogWorld: UWorld::CleanupWorld for World_5, bSessionEnded=true, bCleanupResources=true
[2020.12.08-14.25.40:445][700]LogSlate: InvalidateAllWidgets triggered.  All widgets were invalidated
[2020.12.08-14.25.43:487][849]Cmd: TRANSACTION UNDO
[2020.12.08-14.25.43:487][849]LogEditorTransaction: Undo Create Convex Collision
[2020.12.08-14.25.44:396][877]Cmd: TRANSACTION UNDO
[2020.12.08-14.25.44:396][877]LogEditorTransaction: Undo Convert Actors
[2020.12.08-14.26.16:928][453]LogSlate: Window 'Select Path' being destroyed
[2020.12.08-14.26.25:123][788]LogAssetEditorSubsystem: Opening Asset editor for StaticMesh /Game/Geometry/Meshes/Level2_INT_Wall1.Level2_INT_Wall1
[2020.12.08-14.26.25:425][788]LogWorld: UWorld::CleanupWorld for World_6, bSessionEnded=true, bCleanupResources=true
[2020.12.08-14.26.25:425][788]LogSlate: InvalidateAllWidgets triggered.  All widgets were invalidated
[2020.12.08-14.26.25:845][789]LogRenderer: Reallocating scene render targets to support 764x436 Format 10 NumSamples 1 (Frame:1).
[2020.12.08-14.26.56:878][  5]LogEditorTransaction: Undo Create Convex Collision
[2020.12.08-14.26.57:369][  9]LogEditorTransaction: Undo Clicking on Actors
[2020.12.08-14.27.04:232][154]LogSlate: Window 'Level2_INT_Wall1' being destroyed
[2020.12.08-14.27.04:248][154]LogSlate: Window 'Level2_INT_Wall1' being destroyed
[2020.12.08-14.27.04:273][154]LogWorld: UWorld::CleanupWorld for World_7, bSessionEnded=true, bCleanupResources=true
[2020.12.08-14.27.04:273][154]LogSlate: InvalidateAllWidgets triggered.  All widgets were invalidated
[2020.12.08-14.27.09:992][366]LogUObjectHash: Compacting FUObjectHashTables data took   1.42ms
[2020.12.08-14.27.11:732][366]LogSlate: Window 'Delete Assets' being destroyed
[2020.12.08-14.27.12:019][366]LogUObjectHash: Compacting FUObjectHashTables data took   1.27ms
[2020.12.08-14.27.13:703][445]LogEditorViewport: Clicking on Actor (LMB): Brush (Box Brush42)
[2020.12.08-14.27.19:703][761]LogEditorViewport: Clicking on Actor (context menu): Brush (Box Brush41)
[2020.12.08-14.27.20:273][762]LogRHI: Error: Present Fail Count 1
[2020.12.08-14.27.20:273][762]LogRHI: Error: SyncInterval 0
[2020.12.08-14.27.20:273][762]LogRHI: Error: SwapChainDesc.BufferDesc.Width 251
[2020.12.08-14.27.20:273][762]LogRHI: Error: SwapChainDesc.BufferDesc.Height 667
[2020.12.08-14.27.20:273][762]LogRHI: Error: SwapChainDesc.BufferDesc.RefreshRate.Numerator 0
[2020.12.08-14.27.20:273][762]LogRHI: Error: SwapChainDesc.BufferDesc.RefreshRate.Denominator 0
[2020.12.08-14.27.20:273][762]LogRHI: Error: SwapChainDesc.BufferDesc.Format 24
[2020.12.08-14.27.20:273][762]LogRHI: Error: SwapChainDesc.BufferDesc.ScanlineOrdering 0
[2020.12.08-14.27.20:273][762]LogRHI: Error: SwapChainDesc.BufferDesc.Scaling 0
[2020.12.08-14.27.20:273][762]LogRHI: Error: SwapChainDesc.SampleDesc.Count 1
[2020.12.08-14.27.20:273][762]LogRHI: Error: SwapChainDesc.SampleDesc.Quality 0
[2020.12.08-14.27.20:273][762]LogRHI: Error: SwapChainDesc.BufferUsage 48
[2020.12.08-14.27.20:273][762]LogRHI: Error: SwapChainDesc.BufferCount 2
[2020.12.08-14.27.20:273][762]LogRHI: Error: SwapChainDesc.OutputWindow 0000000000E51658
[2020.12.08-14.27.20:273][762]LogRHI: Error: SwapChainDesc.Windowed true
[2020.12.08-14.27.20:273][762]LogRHI: Error: SwapChainDesc.SwapEffect 4
[2020.12.08-14.27.20:273][762]LogRHI: Error: SwapChainDesc.Flags 2050
[2020.12.08-14.27.20:285][762]LogD3D11RHI: Error: Result failed 
 at D:/Build/++UE4+Licensee/Sync/Engine/Source/Runtime/Windows/D3D11RHI/Private/D3D11Query.cpp:348 
 with error DXGI_ERROR_DEVICE_REMOVED DXGI_ERROR_DRIVER_INTERNAL_ERROR
[2020.12.08-14.27.20:285][762]LogRHI: Error: [Aftermath] Status: PageFault
[2020.12.08-14.27.20:285][762]LogRHI: Error: [Aftermath] GPU Stack Dump
[2020.12.08-14.27.20:285][762]LogRHI: Error: [Aftermath] 0: FRAME
[2020.12.08-14.27.20:285][762]LogRHI: Error: [Aftermath] 1: SlateUI Title = <none>
[2020.12.08-14.27.20:285][762]LogRHI: Error: [Aftermath] GPU Stack Dump
[2020.12.08-14.27.20:368][762]LogD3D11RHI: [Aftermath] GDynamicRHI=000001371AF580C0, GDX11NVAfterMathEnabled=1, Result=0x00000001, bDeviceActive=0
[2020.12.08-14.27.20:368][762]LogWindows: Windows GetLastError: The operation completed successfully. (0)
[2020.12.08-14.27.39:133][762]LogWindows: FPlatformMisc::RequestExit(0)
[2020.12.08-14.27.39:133][762]LogCore: Engine exit requested (reason: Win RequestExit)
[2020.12.08-14.27.39:133][762]LogWindows: FPlatformMisc::RequestExit(1)
[2020.12.08-14.27.39:133][762]LogCore: Engine exit requested (reason: Win RequestExit; note: exit was already requested)
[2020.12.08-14.27.39:181][762]Log file closed, 12/08/20 14:27:39
